2015-06-27 15:45:10.690+0000 INFO  [o.n.s.CommunityNeoServer]: Setting startup timeout to: 120000ms based on 120000
2015-06-27 15:45:11.325+0000 INFO  [o.n.k.InternalAbstractGraphDatabase]: No locking implementation specified, defaulting to 'community'
2015-06-27 15:45:11.447+0000 INFO  [o.n.k.i.DiagnosticsManager]: --- INITIALIZED diagnostics START ---
2015-06-27 15:45:11.449+0000 INFO  [o.n.k.i.DiagnosticsManager]: Neo4j Kernel properties:
2015-06-27 15:45:11.455+0000 INFO  [o.n.k.i.DiagnosticsManager]: org.neo4j.server.db.tuning.properties=C:\Users\gfp2ram\AppData\Roaming\Neo4j Community\neo4j.properties
2015-06-27 15:45:11.456+0000 INFO  [o.n.k.i.DiagnosticsManager]: org.neo4j.server.database.location=C:\RnD\Workspace\neo4j
2015-06-27 15:45:11.456+0000 INFO  [o.n.k.i.DiagnosticsManager]: store_dir=C:\RnD\Workspace\neo4j
2015-06-27 15:45:11.456+0000 INFO  [o.n.k.i.DiagnosticsManager]: dbms.querylog.filename=data/log/queries.log
2015-06-27 15:45:11.456+0000 INFO  [o.n.k.i.DiagnosticsManager]: dbms.security.auth_store.location=C:\RnD\Workspace\neo4j\.\dbms\auth
2015-06-27 15:45:11.456+0000 INFO  [o.n.k.i.DiagnosticsManager]: remote_shell_enabled=true
2015-06-27 15:45:11.458+0000 INFO  [o.n.k.i.DiagnosticsManager]: Diagnostics providers:
2015-06-27 15:45:11.458+0000 INFO  [o.n.k.i.DiagnosticsManager]: org.neo4j.kernel.configuration.Config
2015-06-27 15:45:11.459+0000 INFO  [o.n.k.i.DiagnosticsManager]: org.neo4j.kernel.info.DiagnosticsManager
2015-06-27 15:45:11.459+0000 INFO  [o.n.k.i.DiagnosticsManager]: SYSTEM_MEMORY
2015-06-27 15:45:11.459+0000 INFO  [o.n.k.i.DiagnosticsManager]: JAVA_MEMORY
2015-06-27 15:45:11.459+0000 INFO  [o.n.k.i.DiagnosticsManager]: OPERATING_SYSTEM
2015-06-27 15:45:11.459+0000 INFO  [o.n.k.i.DiagnosticsManager]: JAVA_VIRTUAL_MACHINE
2015-06-27 15:45:11.459+0000 INFO  [o.n.k.i.DiagnosticsManager]: CLASSPATH
2015-06-27 15:45:11.459+0000 INFO  [o.n.k.i.DiagnosticsManager]: LIBRARY_PATH
2015-06-27 15:45:11.459+0000 INFO  [o.n.k.i.DiagnosticsManager]: SYSTEM_PROPERTIES
2015-06-27 15:45:11.459+0000 INFO  [o.n.k.i.DiagnosticsManager]: NETWORK
2015-06-27 15:45:11.460+0000 INFO  [o.n.k.i.DiagnosticsManager]: System memory information:
2015-06-27 15:45:11.463+0000 INFO  [o.n.k.i.DiagnosticsManager]: Total Physical memory: 4.00 GB
2015-06-27 15:45:11.464+0000 INFO  [o.n.k.i.DiagnosticsManager]: Free Physical memory: 4.00 GB
2015-06-27 15:45:11.464+0000 INFO  [o.n.k.i.DiagnosticsManager]: Committed virtual memory: 145.22 MB
2015-06-27 15:45:11.465+0000 INFO  [o.n.k.i.DiagnosticsManager]: Total swap space: 4.00 GB
2015-06-27 15:45:11.465+0000 INFO  [o.n.k.i.DiagnosticsManager]: Free swap space: 4.00 GB
2015-06-27 15:45:11.466+0000 INFO  [o.n.k.i.DiagnosticsManager]: JVM memory information:
2015-06-27 15:45:11.466+0000 INFO  [o.n.k.i.DiagnosticsManager]: Free  memory: 27.12 MB
2015-06-27 15:45:11.467+0000 INFO  [o.n.k.i.DiagnosticsManager]: Total memory: 64.64 MB
2015-06-27 15:45:11.467+0000 INFO  [o.n.k.i.DiagnosticsManager]: Max   memory: 247.50 MB
2015-06-27 15:45:11.470+0000 INFO  [o.n.k.i.DiagnosticsManager]: Garbage Collector: Copy: [Eden Space, Survivor Space]
2015-06-27 15:45:11.470+0000 INFO  [o.n.k.i.DiagnosticsManager]: Garbage Collector: MarkSweepCompact: [Eden Space, Survivor Space, Tenured Gen, Perm Gen, Perm Gen [shared-ro], Perm Gen [shared-rw]]
2015-06-27 15:45:11.472+0000 INFO  [o.n.k.i.DiagnosticsManager]: Memory Pool: Code Cache (Non-heap memory): committed=2.34 MB, used=2.34 MB, max=32.00 MB, threshold=0.00 B
2015-06-27 15:45:11.472+0000 INFO  [o.n.k.i.DiagnosticsManager]: Memory Pool: Eden Space (Heap memory): committed=17.94 MB, used=10.82 MB, max=68.31 MB, threshold=?
2015-06-27 15:45:11.473+0000 INFO  [o.n.k.i.DiagnosticsManager]: Memory Pool: Survivor Space (Heap memory): committed=2.19 MB, used=0.00 B, max=8.50 MB, threshold=?
2015-06-27 15:45:11.474+0000 INFO  [o.n.k.i.DiagnosticsManager]: Memory Pool: Tenured Gen (Heap memory): committed=44.52 MB, used=26.71 MB, max=170.69 MB, threshold=0.00 B
2015-06-27 15:45:11.475+0000 INFO  [o.n.k.i.DiagnosticsManager]: Memory Pool: Perm Gen (Non-heap memory): committed=12.00 MB, used=7.77 MB, max=64.00 MB, threshold=0.00 B
2015-06-27 15:45:11.476+0000 INFO  [o.n.k.i.DiagnosticsManager]: Memory Pool: Perm Gen [shared-ro] (Non-heap memory): committed=10.00 MB, used=4.20 MB, max=10.00 MB, threshold=0.00 B
2015-06-27 15:45:11.477+0000 INFO  [o.n.k.i.DiagnosticsManager]: Memory Pool: Perm Gen [shared-rw] (Non-heap memory): committed=12.00 MB, used=6.30 MB, max=12.00 MB, threshold=0.00 B
2015-06-27 15:45:11.477+0000 INFO  [o.n.k.i.DiagnosticsManager]: Operating system information:
2015-06-27 15:45:11.478+0000 INFO  [o.n.k.i.DiagnosticsManager]: Operating System: Windows 7; version: 6.1; arch: x86; cpus: 8
2015-06-27 15:45:11.480+0000 INFO  [o.n.k.i.DiagnosticsManager]: Process id: 1976@L7GCC5CB3130X7D
2015-06-27 15:45:11.480+0000 INFO  [o.n.k.i.DiagnosticsManager]: Byte order: LITTLE_ENDIAN
2015-06-27 15:45:11.480+0000 INFO  [o.n.k.i.DiagnosticsManager]: Local timezone: America/Phoenix
2015-06-27 15:45:11.480+0000 INFO  [o.n.k.i.DiagnosticsManager]: JVM information:
2015-06-27 15:45:11.480+0000 INFO  [o.n.k.i.DiagnosticsManager]: VM Name: Java HotSpot(TM) Client VM
2015-06-27 15:45:11.480+0000 INFO  [o.n.k.i.DiagnosticsManager]: VM Vendor: Oracle Corporation
2015-06-27 15:45:11.481+0000 INFO  [o.n.k.i.DiagnosticsManager]: VM Version: 24.65-b04
2015-06-27 15:45:11.481+0000 INFO  [o.n.k.i.DiagnosticsManager]: JIT compiler: HotSpot Client Compiler
2015-06-27 15:45:11.482+0000 INFO  [o.n.k.i.DiagnosticsManager]: VM Arguments: [-Dexe4j.semaphoreName=Local\c:_program_files_(x86)_neo4j_community_bin_neo4j-community.exe, -Dexe4j.isInstall4j=true, -Dexe4j.moduleName=C:\Program Files (x86)\Neo4j Community\bin\neo4j-community.exe, -Dexe4j.tempDir=, -Dexe4j.unextractedPosition=0, -Djava.library.path=C:\windows\system32;C:\windows;C:\windows\System32\Wbem;C:\windows\System32\WindowsPowerShell\v1.0\;C:\Program Files\Java\jdk1.7.0_71\bin;C:\Program Files\Java\jdk1.7.0_71\lib;C:\Program Files (x86)\QuickTime\QTSystem\;C:\Program Files\WIDCOMM\Bluetooth Software\;C:\Program Files\WIDCOMM\Bluetooth Software\syswow64;C:\apache-maven-3.2.5\bin;C:\apache-maven-3.2.5\lib;C:\Program Files\TortoiseSVN\bin;C:\Program Files\Oracle\instantclient-basic-windows.x64-11.2.0.3.0\instantclient_11_2;C:\Program Files (x86)\scala\bin;c:\progra~2\java\jre1.7.0_65\bin, -Dexe4j.consoleCodepage=cp0, -Dinstall4j.launcherId=24, -Dinstall4j.swt=false]
2015-06-27 15:45:11.482+0000 INFO  [o.n.k.i.DiagnosticsManager]: Java classpath:
2015-06-27 15:45:11.495+0000 INFO  [o.n.k.i.DiagnosticsManager]:  [loader.1] file:/C:/Program%20Files%20(x86)/Java/jre1.7.0_65/lib/ext/dnsns.jar
2015-06-27 15:45:11.495+0000 INFO  [o.n.k.i.DiagnosticsManager]:  [bootstrap] C:\Program Files (x86)\Java\jre1.7.0_65\lib\charsets.jar
2015-06-27 15:45:11.495+0000 INFO  [o.n.k.i.DiagnosticsManager]:  [bootstrap] C:\Program Files (x86)\Java\jre1.7.0_65\classes
2015-06-27 15:45:11.495+0000 INFO  [o.n.k.i.DiagnosticsManager]:  [classpath] C:\Program Files (x86)\Neo4j Community\.install4j\i4jruntime.jar
2015-06-27 15:45:11.496+0000 INFO  [o.n.k.i.DiagnosticsManager]:  [loader.1] file:/C:/Program%20Files%20(x86)/Java/jre1.7.0_65/lib/ext/sunec.jar
2015-06-27 15:45:11.496+0000 INFO  [o.n.k.i.DiagnosticsManager]:  [loader.1] file:/C:/Program%20Files%20(x86)/Java/jre1.7.0_65/lib/ext/access-bridge-32.jar
2015-06-27 15:45:11.496+0000 INFO  [o.n.k.i.DiagnosticsManager]:  [bootstrap] C:\Program Files (x86)\Java\jre1.7.0_65\lib\jce.jar
2015-06-27 15:45:11.496+0000 INFO  [o.n.k.i.DiagnosticsManager]:  [loader.1] file:/C:/Program%20Files%20(x86)/Java/jre1.7.0_65/lib/ext/zipfs.jar
2015-06-27 15:45:11.496+0000 INFO  [o.n.k.i.DiagnosticsManager]:  [loader.0] file:/C:/Program%20Files%20(x86)/Neo4j%20Community/bin/
2015-06-27 15:45:11.496+0000 INFO  [o.n.k.i.DiagnosticsManager]:  [loader.1] file:/C:/Program%20Files%20(x86)/Java/jre1.7.0_65/lib/ext/sunjce_provider.jar
2015-06-27 15:45:11.496+0000 INFO  [o.n.k.i.DiagnosticsManager]:  [loader.1] file:/C:/Program%20Files%20(x86)/Java/jre1.7.0_65/lib/ext/localedata.jar
2015-06-27 15:45:11.496+0000 INFO  [o.n.k.i.DiagnosticsManager]:  [bootstrap] C:\Program Files (x86)\Java\jre1.7.0_65\lib\jsse.jar
2015-06-27 15:45:11.496+0000 INFO  [o.n.k.i.DiagnosticsManager]:  [loader.0] file:/C:/Program%20Files%20(x86)/Neo4j%20Community/.install4j/i4jruntime.jar
2015-06-27 15:45:11.497+0000 INFO  [o.n.k.i.DiagnosticsManager]:  [loader.0] file:/C:/Program%20Files%20(x86)/Neo4j%20Community/bin/neo4j-desktop-2.2.3.jar
2015-06-27 15:45:11.497+0000 INFO  [o.n.k.i.DiagnosticsManager]:  [bootstrap] C:\Program Files (x86)\Java\jre1.7.0_65\lib\resources.jar
2015-06-27 15:45:11.497+0000 INFO  [o.n.k.i.DiagnosticsManager]:  [classpath] C:\Program Files (x86)\Neo4j Community\bin\neo4j-desktop-2.2.3.jar
2015-06-27 15:45:11.497+0000 INFO  [o.n.k.i.DiagnosticsManager]:  [loader.1] file:/C:/Program%20Files%20(x86)/Java/jre1.7.0_65/lib/ext/jaccess.jar
2015-06-27 15:45:11.497+0000 INFO  [o.n.k.i.DiagnosticsManager]:  [loader.1] file:/C:/Program%20Files%20(x86)/Java/jre1.7.0_65/lib/ext/sunpkcs11.jar
2015-06-27 15:45:11.497+0000 INFO  [o.n.k.i.DiagnosticsManager]:  [bootstrap] C:\Program Files (x86)\Java\jre1.7.0_65\lib\sunrsasign.jar
2015-06-27 15:45:11.497+0000 INFO  [o.n.k.i.DiagnosticsManager]:  [loader.1] file:/C:/Program%20Files%20(x86)/Java/jre1.7.0_65/lib/ext/sunmscapi.jar
2015-06-27 15:45:11.497+0000 INFO  [o.n.k.i.DiagnosticsManager]:  [bootstrap] C:\Program Files (x86)\Java\jre1.7.0_65\lib\rt.jar
2015-06-27 15:45:11.497+0000 INFO  [o.n.k.i.DiagnosticsManager]:  [bootstrap] C:\Program Files (x86)\Java\jre1.7.0_65\lib\jfr.jar
2015-06-27 15:45:11.497+0000 INFO  [o.n.k.i.DiagnosticsManager]: Library path:
2015-06-27 15:45:11.499+0000 INFO  [o.n.k.i.DiagnosticsManager]: C:\Windows\System32
2015-06-27 15:45:11.499+0000 INFO  [o.n.k.i.DiagnosticsManager]: C:\Windows
2015-06-27 15:45:11.501+0000 INFO  [o.n.k.i.DiagnosticsManager]: C:\Windows\System32\wbem
2015-06-27 15:45:11.502+0000 INFO  [o.n.k.i.DiagnosticsManager]: C:\Windows\System32\WindowsPowerShell\v1.0
2015-06-27 15:45:11.504+0000 INFO  [o.n.k.i.DiagnosticsManager]: C:\Program Files\Java\jdk1.7.0_71\bin
2015-06-27 15:45:11.505+0000 INFO  [o.n.k.i.DiagnosticsManager]: C:\Program Files\Java\jdk1.7.0_71\lib
2015-06-27 15:45:11.507+0000 INFO  [o.n.k.i.DiagnosticsManager]: C:\Program Files (x86)\QuickTime\QTSystem
2015-06-27 15:45:11.508+0000 INFO  [o.n.k.i.DiagnosticsManager]: C:\Program Files\WIDCOMM\Bluetooth Software
2015-06-27 15:45:11.510+0000 INFO  [o.n.k.i.DiagnosticsManager]: C:\Program Files\WIDCOMM\Bluetooth Software\syswow64
2015-06-27 15:45:11.511+0000 INFO  [o.n.k.i.DiagnosticsManager]: C:\apache-maven-3.2.5\bin
2015-06-27 15:45:11.512+0000 INFO  [o.n.k.i.DiagnosticsManager]: C:\apache-maven-3.2.5\lib
2015-06-27 15:45:11.513+0000 INFO  [o.n.k.i.DiagnosticsManager]: C:\Program Files\TortoiseSVN\bin
2015-06-27 15:45:11.515+0000 INFO  [o.n.k.i.DiagnosticsManager]: C:\Program Files\Oracle\instantclient-basic-windows.x64-11.2.0.3.0\instantclient_11_2
2015-06-27 15:45:11.516+0000 INFO  [o.n.k.i.DiagnosticsManager]: C:\Program Files (x86)\scala\bin
2015-06-27 15:45:11.518+0000 INFO  [o.n.k.i.DiagnosticsManager]: C:\Program Files (x86)\Java\jre1.7.0_65\bin
2015-06-27 15:45:11.518+0000 INFO  [o.n.k.i.DiagnosticsManager]: System.properties:
2015-06-27 15:45:11.518+0000 INFO  [o.n.k.i.DiagnosticsManager]: exe4j.moduleName = C:\Program Files (x86)\Neo4j Community\bin\neo4j-community.exe
2015-06-27 15:45:11.518+0000 INFO  [o.n.k.i.DiagnosticsManager]: exe4j.semaphoreName = Local\c:_program_files_(x86)_neo4j_community_bin_neo4j-community.exe
2015-06-27 15:45:11.519+0000 INFO  [o.n.k.i.DiagnosticsManager]: sun.boot.library.path = c:\progra~2\java\jre1.7.0_65\bin
2015-06-27 15:45:11.519+0000 INFO  [o.n.k.i.DiagnosticsManager]: exe4j.consoleCodepage = cp0
2015-06-27 15:45:11.519+0000 INFO  [o.n.k.i.DiagnosticsManager]: path.separator = ;
2015-06-27 15:45:11.519+0000 INFO  [o.n.k.i.DiagnosticsManager]: file.encoding.pkg = sun.io
2015-06-27 15:45:11.519+0000 INFO  [o.n.k.i.DiagnosticsManager]: user.country = US
2015-06-27 15:45:11.519+0000 INFO  [o.n.k.i.DiagnosticsManager]: user.script = 
2015-06-27 15:45:11.519+0000 INFO  [o.n.k.i.DiagnosticsManager]: sun.os.patch.level = Service Pack 1
2015-06-27 15:45:11.519+0000 INFO  [o.n.k.i.DiagnosticsManager]: install4j.exeDir = C:\Program Files (x86)\Neo4j Community\bin\
2015-06-27 15:45:11.519+0000 INFO  [o.n.k.i.DiagnosticsManager]: user.dir = C:\Program Files (x86)\Neo4j Community\bin
2015-06-27 15:45:11.519+0000 INFO  [o.n.k.i.DiagnosticsManager]: neo4j.ext.udc.source = desktop
2015-06-27 15:45:11.520+0000 INFO  [o.n.k.i.DiagnosticsManager]: user.variant = 
2015-06-27 15:45:11.520+0000 INFO  [o.n.k.i.DiagnosticsManager]: exe4j.tempDir = 
2015-06-27 15:45:11.520+0000 INFO  [o.n.k.i.DiagnosticsManager]: sun.jnu.encoding = Cp1252
2015-06-27 15:45:11.520+0000 INFO  [o.n.k.i.DiagnosticsManager]: sun.awt.enableExtraMouseButtons = true
2015-06-27 15:45:11.520+0000 INFO  [o.n.k.i.DiagnosticsManager]: install4j.launcherId = 24
2015-06-27 15:45:11.520+0000 INFO  [o.n.k.i.DiagnosticsManager]: sun.management.compiler = HotSpot Client Compiler
2015-06-27 15:45:11.520+0000 INFO  [o.n.k.i.DiagnosticsManager]: exe4j.isInstall4j = true
2015-06-27 15:45:11.520+0000 INFO  [o.n.k.i.DiagnosticsManager]: install4j.swt = false
2015-06-27 15:45:11.520+0000 INFO  [o.n.k.i.DiagnosticsManager]: user.home = C:\Users\gfp2ram
2015-06-27 15:45:11.521+0000 INFO  [o.n.k.i.DiagnosticsManager]: user.timezone = America/Phoenix
2015-06-27 15:45:11.521+0000 INFO  [o.n.k.i.DiagnosticsManager]: file.encoding = Cp1252
2015-06-27 15:45:11.521+0000 INFO  [o.n.k.i.DiagnosticsManager]: user.name = gfp2ram
2015-06-27 15:45:11.521+0000 INFO  [o.n.k.i.DiagnosticsManager]: sun.java.command = C:\Program Files (x86)\Neo4j Community\bin\neo4j-community.exe
2015-06-27 15:45:11.521+0000 INFO  [o.n.k.i.DiagnosticsManager]: sun.arch.data.model = 32
2015-06-27 15:45:11.521+0000 INFO  [o.n.k.i.DiagnosticsManager]: exe4j.launchName = C:\Program Files (x86)\Neo4j Community\bin\neo4j-community.exe
2015-06-27 15:45:11.521+0000 INFO  [o.n.k.i.DiagnosticsManager]: user.language = en
2015-06-27 15:45:11.521+0000 INFO  [o.n.k.i.DiagnosticsManager]: awt.toolkit = sun.awt.windows.WToolkit
2015-06-27 15:45:11.521+0000 INFO  [o.n.k.i.DiagnosticsManager]: exe4j.unextractedPosition = 0
2015-06-27 15:45:11.521+0000 INFO  [o.n.k.i.DiagnosticsManager]: install4j.appDir = C:\Program Files (x86)\Neo4j Community\
2015-06-27 15:45:11.522+0000 INFO  [o.n.k.i.DiagnosticsManager]: file.separator = \
2015-06-27 15:45:11.522+0000 INFO  [o.n.k.i.DiagnosticsManager]: sun.io.unicode.encoding = UnicodeLittle
2015-06-27 15:45:11.522+0000 INFO  [o.n.k.i.DiagnosticsManager]: sun.cpu.endian = little
2015-06-27 15:45:11.522+0000 INFO  [o.n.k.i.DiagnosticsManager]: sun.desktop = windows
2015-06-27 15:45:11.522+0000 INFO  [o.n.k.i.DiagnosticsManager]: sun.cpu.isalist = pentium_pro+mmx pentium_pro pentium+mmx pentium i486 i386 i86
2015-06-27 15:45:11.522+0000 INFO  [o.n.k.i.DiagnosticsManager]: Network information:
2015-06-27 15:45:12.730+0000 INFO  [o.n.k.i.DiagnosticsManager]: Interface Software Loopback Interface 1:
2015-06-27 15:45:12.731+0000 INFO  [o.n.k.i.DiagnosticsManager]:     address: 127.0.0.1
2015-06-27 15:45:12.731+0000 INFO  [o.n.k.i.DiagnosticsManager]:     address: 0:0:0:0:0:0:0:1
2015-06-27 15:45:12.731+0000 INFO  [o.n.k.i.DiagnosticsManager]: Interface WAN Miniport (SSTP):
2015-06-27 15:45:12.731+0000 INFO  [o.n.k.i.DiagnosticsManager]: Interface WAN Miniport (L2TP):
2015-06-27 15:45:12.732+0000 INFO  [o.n.k.i.DiagnosticsManager]: Interface WAN Miniport (PPTP):
2015-06-27 15:45:12.732+0000 INFO  [o.n.k.i.DiagnosticsManager]: Interface WAN Miniport (PPPOE):
2015-06-27 15:45:12.732+0000 INFO  [o.n.k.i.DiagnosticsManager]: Interface WAN Miniport (IPv6):
2015-06-27 15:45:12.732+0000 INFO  [o.n.k.i.DiagnosticsManager]: Interface WAN Miniport (Network Monitor):
2015-06-27 15:45:12.732+0000 INFO  [o.n.k.i.DiagnosticsManager]: Interface WAN Miniport (IP):
2015-06-27 15:45:12.733+0000 INFO  [o.n.k.i.DiagnosticsManager]: Interface RAS Async Adapter:
2015-06-27 15:45:12.733+0000 INFO  [o.n.k.i.DiagnosticsManager]: Interface WAN Miniport (IKEv2):
2015-06-27 15:45:12.733+0000 INFO  [o.n.k.i.DiagnosticsManager]: Interface Intel(R) 82579LM Gigabit Network Connection:
2015-06-27 15:45:12.733+0000 INFO  [o.n.k.i.DiagnosticsManager]:     address: fe80:0:0:0:58f1:4124:24a5:4971%11
2015-06-27 15:45:12.733+0000 INFO  [o.n.k.i.DiagnosticsManager]: Interface Microsoft ISATAP Adapter:
2015-06-27 15:45:12.734+0000 INFO  [o.n.k.i.DiagnosticsManager]: Interface Intel(R) Centrino(R) Ultimate-N 6300 AGN:
2015-06-27 15:45:12.734+0000 INFO  [o.n.k.i.DiagnosticsManager]:     address: 192.168.0.4
2015-06-27 15:45:12.734+0000 INFO  [o.n.k.i.DiagnosticsManager]:     address: fe80:0:0:0:c925:265f:48fb:6a36%13
2015-06-27 15:45:12.734+0000 INFO  [o.n.k.i.DiagnosticsManager]: Interface Bluetooth Device (Personal Area Network):
2015-06-27 15:45:12.734+0000 INFO  [o.n.k.i.DiagnosticsManager]: Interface Microsoft ISATAP Adapter #2:
2015-06-27 15:45:12.735+0000 INFO  [o.n.k.i.DiagnosticsManager]: Interface Bluetooth Device (RFCOMM Protocol TDI):
2015-06-27 15:45:12.735+0000 INFO  [o.n.k.i.DiagnosticsManager]: Interface WAN Miniport (IP) - Juniper Network Agent Miniport:
2015-06-27 15:45:12.735+0000 INFO  [o.n.k.i.DiagnosticsManager]: Interface Intel(R) 82579LM Gigabit Network Connection - Juniper Network Agent Miniport:
2015-06-27 15:45:12.735+0000 INFO  [o.n.k.i.DiagnosticsManager]: Interface Intel(R) Centrino(R) Ultimate-N 6300 AGN - Juniper Network Agent Miniport:
2015-06-27 15:45:12.735+0000 INFO  [o.n.k.i.DiagnosticsManager]: Interface Juniper Network Connect Virtual Adapter:
2015-06-27 15:45:12.735+0000 INFO  [o.n.k.i.DiagnosticsManager]:     address: fe80:0:0:0:39f2:e4:daff:6306%20
2015-06-27 15:45:12.736+0000 INFO  [o.n.k.i.DiagnosticsManager]: Interface Juniper Network Connect Virtual Adapter - Juniper Network Agent Miniport:
2015-06-27 15:45:12.736+0000 INFO  [o.n.k.i.DiagnosticsManager]: Interface Bluetooth Personal Area Network:
2015-06-27 15:45:12.736+0000 INFO  [o.n.k.i.DiagnosticsManager]:     address: fe80:0:0:0:e597:e4e8:b181:f22c%22
2015-06-27 15:45:12.736+0000 INFO  [o.n.k.i.DiagnosticsManager]: Interface Teredo Tunneling Pseudo-Interface:
2015-06-27 15:45:12.736+0000 INFO  [o.n.k.i.DiagnosticsManager]: Interface Teredo Tunneling Pseudo-Interface:
2015-06-27 15:45:12.737+0000 INFO  [o.n.k.i.DiagnosticsManager]: Interface Teredo Tunneling Pseudo-Interface:
2015-06-27 15:45:12.737+0000 INFO  [o.n.k.i.DiagnosticsManager]: Interface Microsoft Virtual WiFi Miniport Adapter:
2015-06-27 15:45:12.737+0000 INFO  [o.n.k.i.DiagnosticsManager]:     address: fe80:0:0:0:b15c:d14d:e86d:a61c%26
2015-06-27 15:45:12.737+0000 INFO  [o.n.k.i.DiagnosticsManager]: Interface Microsoft Virtual WiFi Miniport Adapter - Juniper Network Agent Miniport:
2015-06-27 15:45:12.737+0000 INFO  [o.n.k.i.DiagnosticsManager]: Interface Teredo Tunneling Pseudo-Interface:
2015-06-27 15:45:12.737+0000 INFO  [o.n.k.i.DiagnosticsManager]: Interface Teredo Tunneling Pseudo-Interface:
2015-06-27 15:45:12.738+0000 INFO  [o.n.k.i.DiagnosticsManager]: Interface Microsoft ISATAP Adapter #8:
2015-06-27 15:45:12.738+0000 INFO  [o.n.k.i.DiagnosticsManager]: Interface Microsoft ISATAP Adapter #5:
2015-06-27 15:45:12.738+0000 INFO  [o.n.k.i.DiagnosticsManager]: Interface Teredo Tunneling Pseudo-Interface:
2015-06-27 15:45:12.738+0000 INFO  [o.n.k.i.DiagnosticsManager]:     address: fe80:0:0:0:e0:0:0:0%32
2015-06-27 15:45:12.738+0000 INFO  [o.n.k.i.DiagnosticsManager]: Interface Microsoft ISATAP Adapter #3:
2015-06-27 15:45:12.738+0000 INFO  [o.n.k.i.DiagnosticsManager]: Interface Microsoft ISATAP Adapter #6:
2015-06-27 15:45:12.739+0000 INFO  [o.n.k.i.DiagnosticsManager]: Interface VirtualBox Host-Only Ethernet Adapter:
2015-06-27 15:45:12.739+0000 INFO  [o.n.k.i.DiagnosticsManager]:     address: 169.254.196.102
2015-06-27 15:45:12.739+0000 INFO  [o.n.k.i.DiagnosticsManager]:     address: fe80:0:0:0:5115:d443:d52e:c466%35
2015-06-27 15:45:12.739+0000 INFO  [o.n.k.i.DiagnosticsManager]: Interface VirtualBox Host-Only Ethernet Adapter - Juniper Network Agent Miniport:
2015-06-27 15:45:12.739+0000 INFO  [o.n.k.i.DiagnosticsManager]: Interface Microsoft Virtual WiFi Miniport Adapter - VirtualBox Bridged Networking Driver Miniport:
2015-06-27 15:45:12.740+0000 INFO  [o.n.k.i.DiagnosticsManager]: Interface Intel(R) Centrino(R) Ultimate-N 6300 AGN - VirtualBox Bridged Networking Driver Miniport:
2015-06-27 15:45:12.740+0000 INFO  [o.n.k.i.DiagnosticsManager]: Interface Intel(R) 82579LM Gigabit Network Connection - VirtualBox Bridged Networking Driver Miniport:
2015-06-27 15:45:12.740+0000 INFO  [o.n.k.i.DiagnosticsManager]: Interface Microsoft ISATAP Adapter #4:
2015-06-27 15:45:12.740+0000 INFO  [o.n.k.i.DiagnosticsManager]:     address: fe80:0:0:0:0:5efe:a9fe:c466%40
2015-06-27 15:45:12.740+0000 INFO  [o.n.k.i.DiagnosticsManager]: Interface Microsoft ISATAP Adapter #7:
2015-06-27 15:45:12.740+0000 INFO  [o.n.k.i.DiagnosticsManager]: Interface Microsoft ISATAP Adapter-McAfee NDIS Light-Weight Filter-0000:
2015-06-27 15:45:12.741+0000 INFO  [o.n.k.i.DiagnosticsManager]: Interface Microsoft ISATAP Adapter #2-McAfee NDIS Light-Weight Filter-0000:
2015-06-27 15:45:12.741+0000 INFO  [o.n.k.i.DiagnosticsManager]: Interface Microsoft ISATAP Adapter #3-McAfee NDIS Light-Weight Filter-0000:
2015-06-27 15:45:12.741+0000 INFO  [o.n.k.i.DiagnosticsManager]: Interface Microsoft ISATAP Adapter #4-McAfee NDIS Light-Weight Filter-0000:
2015-06-27 15:45:12.741+0000 INFO  [o.n.k.i.DiagnosticsManager]: Interface Microsoft ISATAP Adapter #5-McAfee NDIS Light-Weight Filter-0000:
2015-06-27 15:45:12.741+0000 INFO  [o.n.k.i.DiagnosticsManager]: Interface Microsoft ISATAP Adapter #6-McAfee NDIS Light-Weight Filter-0000:
2015-06-27 15:45:12.741+0000 INFO  [o.n.k.i.DiagnosticsManager]: Interface Microsoft ISATAP Adapter #7-McAfee NDIS Light-Weight Filter-0000:
2015-06-27 15:45:12.742+0000 INFO  [o.n.k.i.DiagnosticsManager]: Interface Microsoft ISATAP Adapter #8-McAfee NDIS Light-Weight Filter-0000:
2015-06-27 15:45:12.742+0000 INFO  [o.n.k.i.DiagnosticsManager]: Interface Teredo Tunneling Pseudo-Interface-McAfee NDIS Light-Weight Filter-0000:
2015-06-27 15:45:12.742+0000 INFO  [o.n.k.i.DiagnosticsManager]: Interface Intel(R) Centrino(R) Ultimate-N 6300 AGN-Virtual WiFi Filter Driver-0000:
2015-06-27 15:45:12.742+0000 INFO  [o.n.k.i.DiagnosticsManager]: Interface Juniper Network Connect Virtual Adapter - Juniper Network Agent Miniport-McAfee NDIS Light-Weight Filter-0000:
2015-06-27 15:45:12.742+0000 INFO  [o.n.k.i.DiagnosticsManager]: Interface Juniper Network Connect Virtual Adapter - Juniper Network Agent Miniport-WFP LightWeight Filter-0000:
2015-06-27 15:45:12.742+0000 INFO  [o.n.k.i.DiagnosticsManager]: Interface Juniper Network Connect Virtual Adapter - Juniper Network Agent Miniport-QoS Packet Scheduler-0000:
2015-06-27 15:45:12.743+0000 INFO  [o.n.k.i.DiagnosticsManager]: Interface WAN Miniport (Network Monitor)-McAfee NDIS Light-Weight Filter-0000:
2015-06-27 15:45:12.743+0000 INFO  [o.n.k.i.DiagnosticsManager]: Interface WAN Miniport (Network Monitor)-QoS Packet Scheduler-0000:
2015-06-27 15:45:12.743+0000 INFO  [o.n.k.i.DiagnosticsManager]: Interface WAN Miniport (IP) - Juniper Network Agent Miniport-McAfee NDIS Light-Weight Filter-0000:
2015-06-27 15:45:12.743+0000 INFO  [o.n.k.i.DiagnosticsManager]: Interface WAN Miniport (IP) - Juniper Network Agent Miniport-QoS Packet Scheduler-0000:
2015-06-27 15:45:12.743+0000 INFO  [o.n.k.i.DiagnosticsManager]: Interface WAN Miniport (IPv6)-McAfee NDIS Light-Weight Filter-0000:
2015-06-27 15:45:12.743+0000 INFO  [o.n.k.i.DiagnosticsManager]: Interface WAN Miniport (IPv6)-QoS Packet Scheduler-0000:
2015-06-27 15:45:12.743+0000 INFO  [o.n.k.i.DiagnosticsManager]: Interface VirtualBox Host-Only Ethernet Adapter - Juniper Network Agent Miniport-McAfee NDIS Light-Weight Filter-0000:
2015-06-27 15:45:12.744+0000 INFO  [o.n.k.i.DiagnosticsManager]: Interface VirtualBox Host-Only Ethernet Adapter - Juniper Network Agent Miniport-WFP LightWeight Filter-0000:
2015-06-27 15:45:12.744+0000 INFO  [o.n.k.i.DiagnosticsManager]: Interface VirtualBox Host-Only Ethernet Adapter - Juniper Network Agent Miniport-QoS Packet Scheduler-0000:
2015-06-27 15:45:12.744+0000 INFO  [o.n.k.i.DiagnosticsManager]: Interface Intel(R) Centrino(R) Ultimate-N 6300 AGN - VirtualBox Bridged Networking Driver Miniport-McAfee NDIS Light-Weight Filter-0000:
2015-06-27 15:45:12.744+0000 INFO  [o.n.k.i.DiagnosticsManager]: Interface Intel(R) Centrino(R) Ultimate-N 6300 AGN - VirtualBox Bridged Networking Driver Miniport-WFP LightWeight Filter-0000:
2015-06-27 15:45:12.744+0000 INFO  [o.n.k.i.DiagnosticsManager]: Interface Intel(R) Centrino(R) Ultimate-N 6300 AGN - VirtualBox Bridged Networking Driver Miniport-QoS Packet Scheduler-0000:
2015-06-27 15:45:12.745+0000 INFO  [o.n.k.i.DiagnosticsManager]: Interface Intel(R) Centrino(R) Ultimate-N 6300 AGN-Native WiFi Filter Driver-0000:
2015-06-27 15:45:12.745+0000 INFO  [o.n.k.i.DiagnosticsManager]: Interface Microsoft Virtual WiFi Miniport Adapter - VirtualBox Bridged Networking Driver Miniport-McAfee NDIS Light-Weight Filter-0000:
2015-06-27 15:45:12.745+0000 INFO  [o.n.k.i.DiagnosticsManager]: Interface Microsoft Virtual WiFi Miniport Adapter - VirtualBox Bridged Networking Driver Miniport-WFP LightWeight Filter-0000:
2015-06-27 15:45:12.745+0000 INFO  [o.n.k.i.DiagnosticsManager]: Interface Microsoft Virtual WiFi Miniport Adapter - VirtualBox Bridged Networking Driver Miniport-QoS Packet Scheduler-0000:
2015-06-27 15:45:12.745+0000 INFO  [o.n.k.i.DiagnosticsManager]: Interface Microsoft Virtual WiFi Miniport Adapter-Native WiFi Filter Driver-0000:
2015-06-27 15:45:12.745+0000 INFO  [o.n.k.i.DiagnosticsManager]: Interface Intel(R) 82579LM Gigabit Network Connection - VirtualBox Bridged Networking Driver Miniport-McAfee NDIS Light-Weight Filter-0000:
2015-06-27 15:45:12.746+0000 INFO  [o.n.k.i.DiagnosticsManager]: Interface Intel(R) 82579LM Gigabit Network Connection - VirtualBox Bridged Networking Driver Miniport-WFP LightWeight Filter-0000:
2015-06-27 15:45:12.746+0000 INFO  [o.n.k.i.DiagnosticsManager]: Interface Intel(R) 82579LM Gigabit Network Connection - VirtualBox Bridged Networking Driver Miniport-QoS Packet Scheduler-0000:
2015-06-27 15:45:12.746+0000 INFO  [o.n.k.i.DiagnosticsManager]: --- INITIALIZED diagnostics END ---
2015-06-27 15:45:12.945+0000 INFO  [o.n.k.i.s.StoreFactory]: Creating new db @ C:\RnD\Workspace\neo4j\neostore
2015-06-27 15:45:16.662+0000 INFO  [o.n.k.a.i.i.LuceneLabelScanStore]: No lucene scan store index found, this might just be first use. Preparing to rebuild.
2015-06-27 15:45:16.724+0000 INFO  [o.n.k.a.i.i.LuceneLabelScanStore]: No lucene scan store index found, this might just be first use. Preparing to rebuild.
2015-06-27 15:45:16.842+0000 INFO  [o.n.k.NeoStoreDataSource]: Opened logical log [C:\RnD\Workspace\neo4j\neostore.transaction.db.0] version=0, lastTxId=1 (clean)
2015-06-27 15:45:16.856+0000 WARN  [o.n.k.i.s.StoreFactory]: Missing counts store, rebuilding it.
2015-06-27 15:45:16.983+0000 INFO  [o.n.k.a.i.i.LuceneLabelScanStore]: Rebuilding lucene scan store, this may take a while
2015-06-27 15:45:16.986+0000 INFO  [o.n.k.a.i.i.LuceneLabelScanStore]: Lucene scan store rebuilt (roughly -1 nodes)
2015-06-27 15:45:16.998+0000 INFO  [o.n.k.KernelHealth]: Kernel health set to OK
2015-06-27 15:45:18.979+0000 INFO  [o.n.k.i.DiagnosticsManager]: --- STARTED diagnostics for KernelDiagnostics:Versions START ---
2015-06-27 15:45:18.980+0000 INFO  [o.n.k.i.DiagnosticsManager]: Graph Database: org.neo4j.kernel.EmbeddedGraphDatabase StoreId{creationTime=1435419912945, randomId=-4450654088130383675, storeVersion=14969031248344582, upgradeTime=1435419912945, upgradeId=1}
2015-06-27 15:45:18.980+0000 INFO  [o.n.k.i.DiagnosticsManager]: Kernel version: Neo4j Desktop (neo4j-desktop), version: 2.2.3
2015-06-27 15:45:18.980+0000 INFO  [o.n.k.i.DiagnosticsManager]: Neo4j component versions:
2015-06-27 15:45:18.982+0000 INFO  [o.n.k.i.DiagnosticsManager]:   Neo4j Desktop (neo4j-lucene-index), version: 2.2.3; revision: 2.2.3:2.2:48/2b261bd9bb532f283b2caed9b2d9eb4992e677b4-dirty
2015-06-27 15:45:18.983+0000 INFO  [o.n.k.i.DiagnosticsManager]:   Neo4j Desktop (neo4j-cypher-compiler-2.1), version: 2.2.3; revision: 2.1.8:2.1-maint:687/5c83ce3a5ddf33259593f719153ce71a6fe89fc7
2015-06-27 15:45:18.983+0000 INFO  [o.n.k.i.DiagnosticsManager]:   Neo4j Desktop (neo4j-import-tool), version: 2.2.3; revision: 2.2.3:2.2:48/2b261bd9bb532f283b2caed9b2d9eb4992e677b4-dirty
2015-06-27 15:45:18.983+0000 INFO  [o.n.k.i.DiagnosticsManager]:   Neo4j Desktop (neo4j-cypher-compiler-2.2), version: 2.2.3; revision: 2.2.3:2.2:48/2b261bd9bb532f283b2caed9b2d9eb4992e677b4-dirty
2015-06-27 15:45:18.983+0000 INFO  [o.n.k.i.DiagnosticsManager]:   Neo4j Desktop (neo4j-graph-algo), version: 2.2.3; revision: 2.2.3:2.2:48/2b261bd9bb532f283b2caed9b2d9eb4992e677b4-dirty
2015-06-27 15:45:18.983+0000 INFO  [o.n.k.i.DiagnosticsManager]:   Neo4j Desktop (neo4j-consistency-check), version: 2.2.3; revision: 2.2.3:2.2:48/2b261bd9bb532f283b2caed9b2d9eb4992e677b4-dirty
2015-06-27 15:45:18.983+0000 INFO  [o.n.k.i.DiagnosticsManager]:   Neo4j Desktop (neo4j-cypher-compiler-2.0), version: 2.2.3; revision: 2.0.4:2.0-maint:130/4a7d10bc274a5d26a180bbe9df25100e8a694748
2015-06-27 15:45:18.983+0000 INFO  [o.n.k.i.DiagnosticsManager]:   Neo4j Desktop (neo4j-cypher-compiler-1.9), version: 2.2.3; revision: 2.0.4:2.0-maint:130/4a7d10bc274a5d26a180bbe9df25100e8a694748
2015-06-27 15:45:18.984+0000 INFO  [o.n.k.i.DiagnosticsManager]:   Neo4j Desktop (neo4j-udc), version: 2.2.3; revision: 2.2.3:2.2:48/2b261bd9bb532f283b2caed9b2d9eb4992e677b4-dirty
2015-06-27 15:45:18.984+0000 INFO  [o.n.k.i.DiagnosticsManager]:   Neo4j Desktop (neo4j-jmx), version: 2.2.3; revision: 2.2.3:2.2:48/2b261bd9bb532f283b2caed9b2d9eb4992e677b4-dirty
2015-06-27 15:45:18.984+0000 INFO  [o.n.k.i.DiagnosticsManager]:   Neo4j Desktop (neo4j-graph-matching), version: 2.2.3; revision: 2.2.3:2.2:48/2b261bd9bb532f283b2caed9b2d9eb4992e677b4-dirty
2015-06-27 15:45:18.984+0000 INFO  [o.n.k.i.DiagnosticsManager]:   Neo4j Desktop (server-api), version: 2.2.3; revision: 2.2.3:2.2:48/2b261bd9bb532f283b2caed9b2d9eb4992e677b4-dirty
2015-06-27 15:45:18.984+0000 INFO  [o.n.k.i.DiagnosticsManager]:   Neo4j Desktop (neo4j-desktop), version: 2.2.3; revision: 2.2.3:2.2:48/2b261bd9bb532f283b2caed9b2d9eb4992e677b4-dirty
2015-06-27 15:45:18.984+0000 INFO  [o.n.k.i.DiagnosticsManager]:   Neo4j Desktop (neo4j-cypher), version: 2.2.3; revision: 2.2.3:2.2:48/2b261bd9bb532f283b2caed9b2d9eb4992e677b4-dirty
2015-06-27 15:45:18.984+0000 INFO  [o.n.k.i.DiagnosticsManager]:   Neo4j Desktop (neo4j-server), version: 2.2.3; revision: 2.2.3:2.2:48/2b261bd9bb532f283b2caed9b2d9eb4992e677b4-dirty
2015-06-27 15:45:18.984+0000 INFO  [o.n.k.i.DiagnosticsManager]:   Neo4j Desktop (neo4j-shell), version: 2.2.3; revision: 2.2.3:2.2:48/2b261bd9bb532f283b2caed9b2d9eb4992e677b4-dirty
2015-06-27 15:45:18.985+0000 INFO  [o.n.k.i.DiagnosticsManager]: --- STARTED diagnostics for KernelDiagnostics:Versions END ---
2015-06-27 15:45:18.987+0000 INFO  [o.n.k.i.DiagnosticsManager]: --- STARTED diagnostics for NEO_STORE_VERSIONS START ---
2015-06-27 15:45:18.988+0000 INFO  [o.n.k.i.DiagnosticsManager]: Store versions:
2015-06-27 15:45:18.988+0000 INFO  [o.n.k.i.DiagnosticsManager]: Store versions:
2015-06-27 15:45:18.988+0000 INFO  [o.n.k.i.DiagnosticsManager]:   NeoStore v0.A.5
2015-06-27 15:45:18.988+0000 INFO  [o.n.k.i.DiagnosticsManager]:   SchemaStore v0.A.5
2015-06-27 15:45:18.989+0000 INFO  [o.n.k.i.DiagnosticsManager]:   NodeStore v0.A.5
2015-06-27 15:45:18.989+0000 INFO  [o.n.k.i.DiagnosticsManager]:   RelationshipStore v0.A.5
2015-06-27 15:45:18.989+0000 INFO  [o.n.k.i.DiagnosticsManager]:   RelationshipTypeStore v0.A.5
2015-06-27 15:45:18.989+0000 INFO  [o.n.k.i.DiagnosticsManager]:   LabelTokenStore v0.A.5
2015-06-27 15:45:18.989+0000 INFO  [o.n.k.i.DiagnosticsManager]:   PropertyStore v0.A.5
2015-06-27 15:45:18.989+0000 INFO  [o.n.k.i.DiagnosticsManager]:   PropertyIndexStore v0.A.5
2015-06-27 15:45:18.989+0000 INFO  [o.n.k.i.DiagnosticsManager]:   StringPropertyStore v0.A.5
2015-06-27 15:45:18.989+0000 INFO  [o.n.k.i.DiagnosticsManager]:   ArrayPropertyStore v0.A.5
2015-06-27 15:45:18.990+0000 INFO  [o.n.k.i.DiagnosticsManager]:   RelationshipGroupStore v0.A.5
2015-06-27 15:45:18.990+0000 INFO  [o.n.k.i.DiagnosticsManager]: --- STARTED diagnostics for NEO_STORE_VERSIONS END ---
2015-06-27 15:45:18.990+0000 INFO  [o.n.k.i.DiagnosticsManager]: --- STARTED diagnostics for NEO_STORE_ID_USAGE START ---
2015-06-27 15:45:18.990+0000 INFO  [o.n.k.i.DiagnosticsManager]: Id usage:
2015-06-27 15:45:18.991+0000 INFO  [o.n.k.i.DiagnosticsManager]: Id usage:
2015-06-27 15:45:18.991+0000 INFO  [o.n.k.i.DiagnosticsManager]:   SchemaStore: used=1 high=0
2015-06-27 15:45:18.991+0000 INFO  [o.n.k.i.DiagnosticsManager]:   NodeStore: used=0 high=-1
2015-06-27 15:45:18.991+0000 INFO  [o.n.k.i.DiagnosticsManager]:   RelationshipStore: used=0 high=-1
2015-06-27 15:45:18.992+0000 INFO  [o.n.k.i.DiagnosticsManager]:   RelationshipTypeStore: used=0 high=-1
2015-06-27 15:45:18.992+0000 INFO  [o.n.k.i.DiagnosticsManager]:   LabelTokenStore: used=0 high=-1
2015-06-27 15:45:18.992+0000 INFO  [o.n.k.i.DiagnosticsManager]:   PropertyStore: used=0 high=-1
2015-06-27 15:45:18.992+0000 INFO  [o.n.k.i.DiagnosticsManager]:   PropertyIndexStore: used=0 high=-1
2015-06-27 15:45:18.993+0000 INFO  [o.n.k.i.DiagnosticsManager]:   StringPropertyStore: used=1 high=0
2015-06-27 15:45:18.993+0000 INFO  [o.n.k.i.DiagnosticsManager]:   ArrayPropertyStore: used=1 high=0
2015-06-27 15:45:18.993+0000 INFO  [o.n.k.i.DiagnosticsManager]:   RelationshipGroupStore: used=1 high=0
2015-06-27 15:45:18.993+0000 INFO  [o.n.k.i.DiagnosticsManager]: --- STARTED diagnostics for NEO_STORE_ID_USAGE END ---
2015-06-27 15:45:18.994+0000 INFO  [o.n.k.i.DiagnosticsManager]: --- STARTED diagnostics for KernelDiagnostics:StoreFiles START ---
2015-06-27 15:45:18.997+0000 INFO  [o.n.k.i.DiagnosticsManager]: Disk space on partition (Total / Free / Free %): 500105736192 / 327943725056 / 65
Storage files: (filename : modification date - size)
2015-06-27 15:45:19.000+0000 INFO  [o.n.k.i.DiagnosticsManager]:   index:
2015-06-27 15:45:19.002+0000 INFO  [o.n.k.i.DiagnosticsManager]:   - Total: 2015-06-27T08:45:12-0700 - 0.00 B
2015-06-27 15:45:19.003+0000 INFO  [o.n.k.i.DiagnosticsManager]:   lock: 2015-06-27T08:45:12-0700 - 0.00 B
2015-06-27 15:45:19.003+0000 INFO  [o.n.k.i.DiagnosticsManager]:   messages.log: 2015-06-27T08:45:18-0700 - 34.33 kB
2015-06-27 15:45:19.004+0000 INFO  [o.n.k.i.DiagnosticsManager]:   neo4j.properties: 2015-06-27T08:45:09-0700 - 1.76 kB
2015-06-27 15:45:19.005+0000 INFO  [o.n.k.i.DiagnosticsManager]:   neostore: 2015-06-27T08:45:16-0700 - 99.00 B
2015-06-27 15:45:19.005+0000 INFO  [o.n.k.i.DiagnosticsManager]:   neostore.counts.db.a: 2015-06-27T08:45:16-0700 - 114.00 B
2015-06-27 15:45:19.006+0000 INFO  [o.n.k.i.DiagnosticsManager]:   neostore.id: 2015-06-27T08:45:16-0700 - 9.00 B
2015-06-27 15:45:19.007+0000 INFO  [o.n.k.i.DiagnosticsManager]:   neostore.labeltokenstore.db: 2015-06-27T08:45:16-0700 - 0.00 B
2015-06-27 15:45:19.008+0000 INFO  [o.n.k.i.DiagnosticsManager]:   neostore.labeltokenstore.db.id: 2015-06-27T08:45:15-0700 - 9.00 B
2015-06-27 15:45:19.008+0000 INFO  [o.n.k.i.DiagnosticsManager]:   neostore.labeltokenstore.db.names: 2015-06-27T08:45:16-0700 - 38.00 B
2015-06-27 15:45:19.009+0000 INFO  [o.n.k.i.DiagnosticsManager]:   neostore.labeltokenstore.db.names.id: 2015-06-27T08:45:15-0700 - 9.00 B
2015-06-27 15:45:19.010+0000 INFO  [o.n.k.i.DiagnosticsManager]:   neostore.nodestore.db: 2015-06-27T08:45:16-0700 - 0.00 B
2015-06-27 15:45:19.010+0000 INFO  [o.n.k.i.DiagnosticsManager]:   neostore.nodestore.db.id: 2015-06-27T08:45:15-0700 - 9.00 B
2015-06-27 15:45:19.011+0000 INFO  [o.n.k.i.DiagnosticsManager]:   neostore.nodestore.db.labels: 2015-06-27T08:45:16-0700 - 68.00 B
2015-06-27 15:45:19.012+0000 INFO  [o.n.k.i.DiagnosticsManager]:   neostore.nodestore.db.labels.id: 2015-06-27T08:45:15-0700 - 9.00 B
2015-06-27 15:45:19.013+0000 INFO  [o.n.k.i.DiagnosticsManager]:   neostore.propertystore.db: 2015-06-27T08:45:16-0700 - 0.00 B
2015-06-27 15:45:19.013+0000 INFO  [o.n.k.i.DiagnosticsManager]:   neostore.propertystore.db.arrays: 2015-06-27T08:45:16-0700 - 128.00 B
2015-06-27 15:45:19.014+0000 INFO  [o.n.k.i.DiagnosticsManager]:   neostore.propertystore.db.arrays.id: 2015-06-27T08:45:15-0700 - 9.00 B
2015-06-27 15:45:19.015+0000 INFO  [o.n.k.i.DiagnosticsManager]:   neostore.propertystore.db.id: 2015-06-27T08:45:15-0700 - 9.00 B
2015-06-27 15:45:19.015+0000 INFO  [o.n.k.i.DiagnosticsManager]:   neostore.propertystore.db.index: 2015-06-27T08:45:16-0700 - 0.00 B
2015-06-27 15:45:19.016+0000 INFO  [o.n.k.i.DiagnosticsManager]:   neostore.propertystore.db.index.id: 2015-06-27T08:45:15-0700 - 9.00 B
2015-06-27 15:45:19.017+0000 INFO  [o.n.k.i.DiagnosticsManager]:   neostore.propertystore.db.index.keys: 2015-06-27T08:45:16-0700 - 38.00 B
2015-06-27 15:45:19.017+0000 INFO  [o.n.k.i.DiagnosticsManager]:   neostore.propertystore.db.index.keys.id: 2015-06-27T08:45:15-0700 - 9.00 B
2015-06-27 15:45:19.018+0000 INFO  [o.n.k.i.DiagnosticsManager]:   neostore.propertystore.db.strings: 2015-06-27T08:45:16-0700 - 128.00 B
2015-06-27 15:45:19.019+0000 INFO  [o.n.k.i.DiagnosticsManager]:   neostore.propertystore.db.strings.id: 2015-06-27T08:45:15-0700 - 9.00 B
2015-06-27 15:45:19.019+0000 INFO  [o.n.k.i.DiagnosticsManager]:   neostore.relationshipgroupstore.db: 2015-06-27T08:45:16-0700 - 25.00 B
2015-06-27 15:45:19.020+0000 INFO  [o.n.k.i.DiagnosticsManager]:   neostore.relationshipgroupstore.db.id: 2015-06-27T08:45:16-0700 - 9.00 B
2015-06-27 15:45:19.021+0000 INFO  [o.n.k.i.DiagnosticsManager]:   neostore.relationshipstore.db: 2015-06-27T08:45:16-0700 - 0.00 B
2015-06-27 15:45:19.022+0000 INFO  [o.n.k.i.DiagnosticsManager]:   neostore.relationshipstore.db.id: 2015-06-27T08:45:15-0700 - 9.00 B
2015-06-27 15:45:19.022+0000 INFO  [o.n.k.i.DiagnosticsManager]:   neostore.relationshiptypestore.db: 2015-06-27T08:45:16-0700 - 0.00 B
2015-06-27 15:45:19.023+0000 INFO  [o.n.k.i.DiagnosticsManager]:   neostore.relationshiptypestore.db.id: 2015-06-27T08:45:15-0700 - 9.00 B
2015-06-27 15:45:19.024+0000 INFO  [o.n.k.i.DiagnosticsManager]:   neostore.relationshiptypestore.db.names: 2015-06-27T08:45:16-0700 - 38.00 B
2015-06-27 15:45:19.024+0000 INFO  [o.n.k.i.DiagnosticsManager]:   neostore.relationshiptypestore.db.names.id: 2015-06-27T08:45:15-0700 - 9.00 B
2015-06-27 15:45:19.025+0000 INFO  [o.n.k.i.DiagnosticsManager]:   neostore.schemastore.db: 2015-06-27T08:45:16-0700 - 64.00 B
2015-06-27 15:45:19.026+0000 INFO  [o.n.k.i.DiagnosticsManager]:   neostore.schemastore.db.id: 2015-06-27T08:45:16-0700 - 9.00 B
2015-06-27 15:45:19.026+0000 INFO  [o.n.k.i.DiagnosticsManager]:   neostore.transaction.db.0: 2015-06-27T08:45:16-0700 - 16.00 B
2015-06-27 15:45:19.027+0000 INFO  [o.n.k.i.DiagnosticsManager]:   schema:
2015-06-27 15:45:19.027+0000 INFO  [o.n.k.i.DiagnosticsManager]:     label:
2015-06-27 15:45:19.028+0000 INFO  [o.n.k.i.DiagnosticsManager]:       lucene:
2015-06-27 15:45:19.029+0000 INFO  [o.n.k.i.DiagnosticsManager]:         write.lock: 2015-06-27T08:45:16-0700 - 0.00 B
2015-06-27 15:45:19.030+0000 INFO  [o.n.k.i.DiagnosticsManager]:       - Total: 2015-06-27T08:45:16-0700 - 0.00 B
2015-06-27 15:45:19.030+0000 INFO  [o.n.k.i.DiagnosticsManager]:     - Total: 2015-06-27T08:45:16-0700 - 0.00 B
2015-06-27 15:45:19.031+0000 INFO  [o.n.k.i.DiagnosticsManager]:   - Total: 2015-06-27T08:45:16-0700 - 0.00 B
2015-06-27 15:45:19.031+0000 INFO  [o.n.k.i.DiagnosticsManager]:   store_lock: 2015-06-27T08:45:12-0700 - 0.00 B
2015-06-27 15:45:19.032+0000 INFO  [o.n.k.i.DiagnosticsManager]: --- STARTED diagnostics for KernelDiagnostics:StoreFiles END ---
2015-06-27 15:45:19.264+0000 INFO  [o.n.k.EmbeddedGraphDatabase]: Database is now ready
2015-06-27 15:45:19.264+0000 INFO  [o.n.s.d.LifecycleManagingDatabase]: Successfully started database
2015-06-27 15:45:19.308+0000 INFO  [o.n.k.i.DiagnosticsManager]: --- SERVER STARTED START ---
2015-06-27 15:45:19.391+0000 INFO  [o.n.s.CommunityNeoServer]: Starting HTTP on port :7474 with 8 threads available
2015-06-27 15:45:19.783+0000 INFO  [o.n.s.w.Jetty9WebServer]: Mounting static content at [/webadmin] from [webadmin-html]
2015-06-27 15:45:19.850+0000 INFO  [o.n.s.w.Jetty9WebServer]: Mounting static content at [/browser] from [browser]
2015-06-27 15:45:22.652+0000 INFO  [o.n.s.CommunityNeoServer]: Server started on: http://localhost:7474/
2015-06-27 15:45:22.652+0000 INFO  [o.n.s.CommunityNeoServer]: Remote interface ready and available at [http://localhost:7474/]
2015-06-27 15:45:22.652+0000 INFO  [o.n.k.i.DiagnosticsManager]: --- SERVER STARTED END ---
2015-06-27 15:47:14.377+0000 INFO  [o.n.s.CommunityNeoServer]: Successfully shutdown Neo4j Server.
2015-06-27 15:47:14.378+0000 INFO  [o.n.k.EmbeddedGraphDatabase]: Shutdown started
2015-06-27 15:47:14.379+0000 INFO  [o.n.k.EmbeddedGraphDatabase]: Database is now unavailable
2015-06-27 15:47:15.792+0000 INFO  [o.n.k.NeoStoreDataSource]: NeoStore closed
2015-06-27 15:47:15.792+0000 INFO  [o.n.k.i.DiagnosticsManager]: --- STOPPING diagnostics START ---
2015-06-27 15:47:15.792+0000 INFO  [o.n.k.i.DiagnosticsManager]: --- STOPPING diagnostics END ---
2015-06-27 15:47:15.800+0000 INFO  [o.n.s.d.LifecycleManagingDatabase]: Successfully stopped database
2015-06-27 15:47:15.800+0000 INFO  [o.n.s.CommunityNeoServer]: Successfully shutdown database.
2015-06-29 05:01:45.255+0000 INFO  [o.n.s.CommunityNeoServer]: Setting startup timeout to: 120000ms based on 120000
2015-06-29 05:01:46.153+0000 INFO  [o.n.k.InternalAbstractGraphDatabase]: No locking implementation specified, defaulting to 'community'
2015-06-29 05:01:46.378+0000 INFO  [o.n.k.i.DiagnosticsManager]: --- INITIALIZED diagnostics START ---
2015-06-29 05:01:46.380+0000 INFO  [o.n.k.i.DiagnosticsManager]: Neo4j Kernel properties:
2015-06-29 05:01:46.381+0000 INFO  [o.n.k.i.DiagnosticsManager]: org.neo4j.server.db.tuning.properties=C:\Users\gfp2ram\AppData\Roaming\Neo4j Community\neo4j.properties
2015-06-29 05:01:46.382+0000 INFO  [o.n.k.i.DiagnosticsManager]: org.neo4j.server.database.location=C:\RnD\Workspace\neo4j
2015-06-29 05:01:46.382+0000 INFO  [o.n.k.i.DiagnosticsManager]: store_dir=C:\RnD\Workspace\neo4j
2015-06-29 05:01:46.382+0000 INFO  [o.n.k.i.DiagnosticsManager]: dbms.querylog.filename=data/log/queries.log
2015-06-29 05:01:46.382+0000 INFO  [o.n.k.i.DiagnosticsManager]: dbms.security.auth_store.location=C:\RnD\Workspace\neo4j\.\dbms\auth
2015-06-29 05:01:46.383+0000 INFO  [o.n.k.i.DiagnosticsManager]: remote_shell_enabled=true
2015-06-29 05:01:46.385+0000 INFO  [o.n.k.i.DiagnosticsManager]: Diagnostics providers:
2015-06-29 05:01:46.385+0000 INFO  [o.n.k.i.DiagnosticsManager]: org.neo4j.kernel.configuration.Config
2015-06-29 05:01:46.385+0000 INFO  [o.n.k.i.DiagnosticsManager]: org.neo4j.kernel.info.DiagnosticsManager
2015-06-29 05:01:46.386+0000 INFO  [o.n.k.i.DiagnosticsManager]: SYSTEM_MEMORY
2015-06-29 05:01:46.386+0000 INFO  [o.n.k.i.DiagnosticsManager]: JAVA_MEMORY
2015-06-29 05:01:46.386+0000 INFO  [o.n.k.i.DiagnosticsManager]: OPERATING_SYSTEM
2015-06-29 05:01:46.386+0000 INFO  [o.n.k.i.DiagnosticsManager]: JAVA_VIRTUAL_MACHINE
2015-06-29 05:01:46.386+0000 INFO  [o.n.k.i.DiagnosticsManager]: CLASSPATH
2015-06-29 05:01:46.387+0000 INFO  [o.n.k.i.DiagnosticsManager]: LIBRARY_PATH
2015-06-29 05:01:46.387+0000 INFO  [o.n.k.i.DiagnosticsManager]: SYSTEM_PROPERTIES
2015-06-29 05:01:46.387+0000 INFO  [o.n.k.i.DiagnosticsManager]: NETWORK
2015-06-29 05:01:46.388+0000 INFO  [o.n.k.i.DiagnosticsManager]: System memory information:
2015-06-29 05:01:46.406+0000 INFO  [o.n.k.i.DiagnosticsManager]: Total Physical memory: 4.00 GB
2015-06-29 05:01:46.407+0000 INFO  [o.n.k.i.DiagnosticsManager]: Free Physical memory: 3.64 GB
2015-06-29 05:01:46.408+0000 INFO  [o.n.k.i.DiagnosticsManager]: Committed virtual memory: 140.20 MB
2015-06-29 05:01:46.408+0000 INFO  [o.n.k.i.DiagnosticsManager]: Total swap space: 4.00 GB
2015-06-29 05:01:46.409+0000 INFO  [o.n.k.i.DiagnosticsManager]: Free swap space: 4.00 GB
2015-06-29 05:01:46.410+0000 INFO  [o.n.k.i.DiagnosticsManager]: JVM memory information:
2015-06-29 05:01:46.410+0000 INFO  [o.n.k.i.DiagnosticsManager]: Free  memory: 27.99 MB
2015-06-29 05:01:46.411+0000 INFO  [o.n.k.i.DiagnosticsManager]: Total memory: 64.98 MB
2015-06-29 05:01:46.411+0000 INFO  [o.n.k.i.DiagnosticsManager]: Max   memory: 247.50 MB
2015-06-29 05:01:46.438+0000 INFO  [o.n.k.i.DiagnosticsManager]: Garbage Collector: Copy: [Eden Space, Survivor Space]
2015-06-29 05:01:46.439+0000 INFO  [o.n.k.i.DiagnosticsManager]: Garbage Collector: MarkSweepCompact: [Eden Space, Survivor Space, Tenured Gen, Perm Gen, Perm Gen [shared-ro], Perm Gen [shared-rw]]
2015-06-29 05:01:46.441+0000 INFO  [o.n.k.i.DiagnosticsManager]: Memory Pool: Code Cache (Non-heap memory): committed=1.97 MB, used=1.94 MB, max=32.00 MB, threshold=0.00 B
2015-06-29 05:01:46.442+0000 INFO  [o.n.k.i.DiagnosticsManager]: Memory Pool: Eden Space (Heap memory): committed=18.06 MB, used=10.15 MB, max=68.31 MB, threshold=?
2015-06-29 05:01:46.443+0000 INFO  [o.n.k.i.DiagnosticsManager]: Memory Pool: Survivor Space (Heap memory): committed=2.19 MB, used=0.00 B, max=8.50 MB, threshold=?
2015-06-29 05:01:46.444+0000 INFO  [o.n.k.i.DiagnosticsManager]: Memory Pool: Tenured Gen (Heap memory): committed=44.73 MB, used=26.84 MB, max=170.69 MB, threshold=0.00 B
2015-06-29 05:01:46.445+0000 INFO  [o.n.k.i.DiagnosticsManager]: Memory Pool: Perm Gen (Non-heap memory): committed=12.00 MB, used=8.04 MB, max=64.00 MB, threshold=0.00 B
2015-06-29 05:01:46.446+0000 INFO  [o.n.k.i.DiagnosticsManager]: Memory Pool: Perm Gen [shared-ro] (Non-heap memory): committed=10.00 MB, used=4.20 MB, max=10.00 MB, threshold=0.00 B
2015-06-29 05:01:46.451+0000 INFO  [o.n.k.i.DiagnosticsManager]: Memory Pool: Perm Gen [shared-rw] (Non-heap memory): committed=12.00 MB, used=6.30 MB, max=12.00 MB, threshold=0.00 B
2015-06-29 05:01:46.451+0000 INFO  [o.n.k.i.DiagnosticsManager]: Operating system information:
2015-06-29 05:01:46.452+0000 INFO  [o.n.k.i.DiagnosticsManager]: Operating System: Windows 7; version: 6.1; arch: x86; cpus: 8
2015-06-29 05:01:46.454+0000 INFO  [o.n.k.i.DiagnosticsManager]: Process id: 5608@L7GCC5CB3130X7D
2015-06-29 05:01:46.454+0000 INFO  [o.n.k.i.DiagnosticsManager]: Byte order: LITTLE_ENDIAN
2015-06-29 05:01:46.455+0000 INFO  [o.n.k.i.DiagnosticsManager]: Local timezone: America/Phoenix
2015-06-29 05:01:46.455+0000 INFO  [o.n.k.i.DiagnosticsManager]: JVM information:
2015-06-29 05:01:46.455+0000 INFO  [o.n.k.i.DiagnosticsManager]: VM Name: Java HotSpot(TM) Client VM
2015-06-29 05:01:46.455+0000 INFO  [o.n.k.i.DiagnosticsManager]: VM Vendor: Oracle Corporation
2015-06-29 05:01:46.456+0000 INFO  [o.n.k.i.DiagnosticsManager]: VM Version: 24.65-b04
2015-06-29 05:01:46.457+0000 INFO  [o.n.k.i.DiagnosticsManager]: JIT compiler: HotSpot Client Compiler
2015-06-29 05:01:46.458+0000 INFO  [o.n.k.i.DiagnosticsManager]: VM Arguments: [-Dexe4j.semaphoreName=Local\c:_program_files_(x86)_neo4j_community_bin_neo4j-community.exe, -Dexe4j.isInstall4j=true, -Dexe4j.moduleName=C:\Program Files (x86)\Neo4j Community\bin\neo4j-community.exe, -Dexe4j.tempDir=, -Dexe4j.unextractedPosition=0, -Djava.library.path=C:\windows\system32;C:\windows;C:\windows\System32\Wbem;C:\windows\System32\WindowsPowerShell\v1.0\;C:\Program Files\Java\jdk1.7.0_71\bin;C:\Program Files\Java\jdk1.7.0_71\lib;C:\Program Files (x86)\QuickTime\QTSystem\;C:\Program Files\WIDCOMM\Bluetooth Software\;C:\Program Files\WIDCOMM\Bluetooth Software\syswow64;C:\apache-maven-3.2.5\bin;C:\apache-maven-3.2.5\lib;C:\Program Files\TortoiseSVN\bin;C:\Program Files\Oracle\instantclient-basic-windows.x64-11.2.0.3.0\instantclient_11_2;C:\Program Files (x86)\scala\bin;c:\progra~2\java\jre1.7.0_65\bin, -Dexe4j.consoleCodepage=cp0, -Dinstall4j.launcherId=24, -Dinstall4j.swt=false]
2015-06-29 05:01:46.458+0000 INFO  [o.n.k.i.DiagnosticsManager]: Java classpath:
2015-06-29 05:01:46.472+0000 INFO  [o.n.k.i.DiagnosticsManager]:  [loader.1] file:/C:/Program%20Files%20(x86)/Java/jre1.7.0_65/lib/ext/dnsns.jar
2015-06-29 05:01:46.472+0000 INFO  [o.n.k.i.DiagnosticsManager]:  [bootstrap] C:\Program Files (x86)\Java\jre1.7.0_65\lib\charsets.jar
2015-06-29 05:01:46.473+0000 INFO  [o.n.k.i.DiagnosticsManager]:  [bootstrap] C:\Program Files (x86)\Java\jre1.7.0_65\classes
2015-06-29 05:01:46.473+0000 INFO  [o.n.k.i.DiagnosticsManager]:  [classpath] C:\Program Files (x86)\Neo4j Community\.install4j\i4jruntime.jar
2015-06-29 05:01:46.473+0000 INFO  [o.n.k.i.DiagnosticsManager]:  [loader.1] file:/C:/Program%20Files%20(x86)/Java/jre1.7.0_65/lib/ext/sunec.jar
2015-06-29 05:01:46.473+0000 INFO  [o.n.k.i.DiagnosticsManager]:  [loader.1] file:/C:/Program%20Files%20(x86)/Java/jre1.7.0_65/lib/ext/access-bridge-32.jar
2015-06-29 05:01:46.473+0000 INFO  [o.n.k.i.DiagnosticsManager]:  [bootstrap] C:\Program Files (x86)\Java\jre1.7.0_65\lib\jce.jar
2015-06-29 05:01:46.474+0000 INFO  [o.n.k.i.DiagnosticsManager]:  [loader.1] file:/C:/Program%20Files%20(x86)/Java/jre1.7.0_65/lib/ext/zipfs.jar
2015-06-29 05:01:46.474+0000 INFO  [o.n.k.i.DiagnosticsManager]:  [loader.0] file:/C:/Program%20Files%20(x86)/Neo4j%20Community/bin/
2015-06-29 05:01:46.474+0000 INFO  [o.n.k.i.DiagnosticsManager]:  [loader.1] file:/C:/Program%20Files%20(x86)/Java/jre1.7.0_65/lib/ext/sunjce_provider.jar
2015-06-29 05:01:46.474+0000 INFO  [o.n.k.i.DiagnosticsManager]:  [loader.1] file:/C:/Program%20Files%20(x86)/Java/jre1.7.0_65/lib/ext/localedata.jar
2015-06-29 05:01:46.474+0000 INFO  [o.n.k.i.DiagnosticsManager]:  [bootstrap] C:\Program Files (x86)\Java\jre1.7.0_65\lib\jsse.jar
2015-06-29 05:01:46.475+0000 INFO  [o.n.k.i.DiagnosticsManager]:  [loader.0] file:/C:/Program%20Files%20(x86)/Neo4j%20Community/.install4j/i4jruntime.jar
2015-06-29 05:01:46.475+0000 INFO  [o.n.k.i.DiagnosticsManager]:  [loader.0] file:/C:/Program%20Files%20(x86)/Neo4j%20Community/bin/neo4j-desktop-2.2.3.jar
2015-06-29 05:01:46.475+0000 INFO  [o.n.k.i.DiagnosticsManager]:  [bootstrap] C:\Program Files (x86)\Java\jre1.7.0_65\lib\resources.jar
2015-06-29 05:01:46.475+0000 INFO  [o.n.k.i.DiagnosticsManager]:  [classpath] C:\Program Files (x86)\Neo4j Community\bin\neo4j-desktop-2.2.3.jar
2015-06-29 05:01:46.475+0000 INFO  [o.n.k.i.DiagnosticsManager]:  [loader.1] file:/C:/Program%20Files%20(x86)/Java/jre1.7.0_65/lib/ext/jaccess.jar
2015-06-29 05:01:46.476+0000 INFO  [o.n.k.i.DiagnosticsManager]:  [loader.1] file:/C:/Program%20Files%20(x86)/Java/jre1.7.0_65/lib/ext/sunpkcs11.jar
2015-06-29 05:01:46.476+0000 INFO  [o.n.k.i.DiagnosticsManager]:  [bootstrap] C:\Program Files (x86)\Java\jre1.7.0_65\lib\sunrsasign.jar
2015-06-29 05:01:46.476+0000 INFO  [o.n.k.i.DiagnosticsManager]:  [loader.1] file:/C:/Program%20Files%20(x86)/Java/jre1.7.0_65/lib/ext/sunmscapi.jar
2015-06-29 05:01:46.476+0000 INFO  [o.n.k.i.DiagnosticsManager]:  [bootstrap] C:\Program Files (x86)\Java\jre1.7.0_65\lib\rt.jar
2015-06-29 05:01:46.476+0000 INFO  [o.n.k.i.DiagnosticsManager]:  [bootstrap] C:\Program Files (x86)\Java\jre1.7.0_65\lib\jfr.jar
2015-06-29 05:01:46.477+0000 INFO  [o.n.k.i.DiagnosticsManager]: Library path:
2015-06-29 05:01:46.478+0000 INFO  [o.n.k.i.DiagnosticsManager]: C:\Windows\System32
2015-06-29 05:01:46.479+0000 INFO  [o.n.k.i.DiagnosticsManager]: C:\Windows
2015-06-29 05:01:46.480+0000 INFO  [o.n.k.i.DiagnosticsManager]: C:\Windows\System32\wbem
2015-06-29 05:01:46.482+0000 INFO  [o.n.k.i.DiagnosticsManager]: C:\Windows\System32\WindowsPowerShell\v1.0
2015-06-29 05:01:46.484+0000 INFO  [o.n.k.i.DiagnosticsManager]: C:\Program Files\Java\jdk1.7.0_71\bin
2015-06-29 05:01:46.486+0000 INFO  [o.n.k.i.DiagnosticsManager]: C:\Program Files\Java\jdk1.7.0_71\lib
2015-06-29 05:01:46.487+0000 INFO  [o.n.k.i.DiagnosticsManager]: C:\Program Files (x86)\QuickTime\QTSystem
2015-06-29 05:01:46.489+0000 INFO  [o.n.k.i.DiagnosticsManager]: C:\Program Files\WIDCOMM\Bluetooth Software
2015-06-29 05:01:46.491+0000 INFO  [o.n.k.i.DiagnosticsManager]: C:\Program Files\WIDCOMM\Bluetooth Software\syswow64
2015-06-29 05:01:46.492+0000 INFO  [o.n.k.i.DiagnosticsManager]: C:\apache-maven-3.2.5\bin
2015-06-29 05:01:46.493+0000 INFO  [o.n.k.i.DiagnosticsManager]: C:\apache-maven-3.2.5\lib
2015-06-29 05:01:46.494+0000 INFO  [o.n.k.i.DiagnosticsManager]: C:\Program Files\TortoiseSVN\bin
2015-06-29 05:01:46.496+0000 INFO  [o.n.k.i.DiagnosticsManager]: C:\Program Files\Oracle\instantclient-basic-windows.x64-11.2.0.3.0\instantclient_11_2
2015-06-29 05:01:46.498+0000 INFO  [o.n.k.i.DiagnosticsManager]: C:\Program Files (x86)\scala\bin
2015-06-29 05:01:46.499+0000 INFO  [o.n.k.i.DiagnosticsManager]: C:\Program Files (x86)\Java\jre1.7.0_65\bin
2015-06-29 05:01:46.500+0000 INFO  [o.n.k.i.DiagnosticsManager]: System.properties:
2015-06-29 05:01:46.500+0000 INFO  [o.n.k.i.DiagnosticsManager]: exe4j.moduleName = C:\Program Files (x86)\Neo4j Community\bin\neo4j-community.exe
2015-06-29 05:01:46.500+0000 INFO  [o.n.k.i.DiagnosticsManager]: exe4j.semaphoreName = Local\c:_program_files_(x86)_neo4j_community_bin_neo4j-community.exe
2015-06-29 05:01:46.500+0000 INFO  [o.n.k.i.DiagnosticsManager]: sun.boot.library.path = c:\progra~2\java\jre1.7.0_65\bin
2015-06-29 05:01:46.501+0000 INFO  [o.n.k.i.DiagnosticsManager]: exe4j.consoleCodepage = cp0
2015-06-29 05:01:46.501+0000 INFO  [o.n.k.i.DiagnosticsManager]: path.separator = ;
2015-06-29 05:01:46.501+0000 INFO  [o.n.k.i.DiagnosticsManager]: file.encoding.pkg = sun.io
2015-06-29 05:01:46.501+0000 INFO  [o.n.k.i.DiagnosticsManager]: user.country = US
2015-06-29 05:01:46.501+0000 INFO  [o.n.k.i.DiagnosticsManager]: user.script = 
2015-06-29 05:01:46.502+0000 INFO  [o.n.k.i.DiagnosticsManager]: sun.os.patch.level = Service Pack 1
2015-06-29 05:01:46.502+0000 INFO  [o.n.k.i.DiagnosticsManager]: install4j.exeDir = C:\Program Files (x86)\Neo4j Community\bin\
2015-06-29 05:01:46.502+0000 INFO  [o.n.k.i.DiagnosticsManager]: user.dir = C:\Program Files (x86)\Neo4j Community\bin
2015-06-29 05:01:46.502+0000 INFO  [o.n.k.i.DiagnosticsManager]: neo4j.ext.udc.source = desktop
2015-06-29 05:01:46.502+0000 INFO  [o.n.k.i.DiagnosticsManager]: user.variant = 
2015-06-29 05:01:46.503+0000 INFO  [o.n.k.i.DiagnosticsManager]: exe4j.tempDir = 
2015-06-29 05:01:46.503+0000 INFO  [o.n.k.i.DiagnosticsManager]: sun.jnu.encoding = Cp1252
2015-06-29 05:01:46.503+0000 INFO  [o.n.k.i.DiagnosticsManager]: sun.awt.enableExtraMouseButtons = true
2015-06-29 05:01:46.503+0000 INFO  [o.n.k.i.DiagnosticsManager]: install4j.launcherId = 24
2015-06-29 05:01:46.503+0000 INFO  [o.n.k.i.DiagnosticsManager]: sun.management.compiler = HotSpot Client Compiler
2015-06-29 05:01:46.504+0000 INFO  [o.n.k.i.DiagnosticsManager]: exe4j.isInstall4j = true
2015-06-29 05:01:46.504+0000 INFO  [o.n.k.i.DiagnosticsManager]: install4j.swt = false
2015-06-29 05:01:46.504+0000 INFO  [o.n.k.i.DiagnosticsManager]: user.home = C:\Users\gfp2ram
2015-06-29 05:01:46.504+0000 INFO  [o.n.k.i.DiagnosticsManager]: user.timezone = America/Phoenix
2015-06-29 05:01:46.504+0000 INFO  [o.n.k.i.DiagnosticsManager]: file.encoding = Cp1252
2015-06-29 05:01:46.504+0000 INFO  [o.n.k.i.DiagnosticsManager]: user.name = gfp2ram
2015-06-29 05:01:46.505+0000 INFO  [o.n.k.i.DiagnosticsManager]: sun.java.command = C:\Program Files (x86)\Neo4j Community\bin\neo4j-community.exe
2015-06-29 05:01:46.505+0000 INFO  [o.n.k.i.DiagnosticsManager]: sun.arch.data.model = 32
2015-06-29 05:01:46.505+0000 INFO  [o.n.k.i.DiagnosticsManager]: exe4j.launchName = C:\Program Files (x86)\Neo4j Community\bin\neo4j-community.exe
2015-06-29 05:01:46.505+0000 INFO  [o.n.k.i.DiagnosticsManager]: user.language = en
2015-06-29 05:01:46.505+0000 INFO  [o.n.k.i.DiagnosticsManager]: awt.toolkit = sun.awt.windows.WToolkit
2015-06-29 05:01:46.506+0000 INFO  [o.n.k.i.DiagnosticsManager]: exe4j.unextractedPosition = 0
2015-06-29 05:01:46.506+0000 INFO  [o.n.k.i.DiagnosticsManager]: install4j.appDir = C:\Program Files (x86)\Neo4j Community\
2015-06-29 05:01:46.506+0000 INFO  [o.n.k.i.DiagnosticsManager]: file.separator = \
2015-06-29 05:01:46.506+0000 INFO  [o.n.k.i.DiagnosticsManager]: sun.io.unicode.encoding = UnicodeLittle
2015-06-29 05:01:46.507+0000 INFO  [o.n.k.i.DiagnosticsManager]: sun.cpu.endian = little
2015-06-29 05:01:46.507+0000 INFO  [o.n.k.i.DiagnosticsManager]: sun.desktop = windows
2015-06-29 05:01:46.507+0000 INFO  [o.n.k.i.DiagnosticsManager]: sun.cpu.isalist = pentium_pro+mmx pentium_pro pentium+mmx pentium i486 i386 i86
2015-06-29 05:01:46.507+0000 INFO  [o.n.k.i.DiagnosticsManager]: Network information:
2015-06-29 05:01:47.687+0000 INFO  [o.n.k.i.DiagnosticsManager]: Interface Software Loopback Interface 1:
2015-06-29 05:01:47.689+0000 INFO  [o.n.k.i.DiagnosticsManager]:     address: 127.0.0.1
2015-06-29 05:01:47.689+0000 INFO  [o.n.k.i.DiagnosticsManager]:     address: 0:0:0:0:0:0:0:1
2015-06-29 05:01:47.689+0000 INFO  [o.n.k.i.DiagnosticsManager]: Interface WAN Miniport (SSTP):
2015-06-29 05:01:47.689+0000 INFO  [o.n.k.i.DiagnosticsManager]: Interface WAN Miniport (L2TP):
2015-06-29 05:01:47.690+0000 INFO  [o.n.k.i.DiagnosticsManager]: Interface WAN Miniport (PPTP):
2015-06-29 05:01:47.690+0000 INFO  [o.n.k.i.DiagnosticsManager]: Interface WAN Miniport (PPPOE):
2015-06-29 05:01:47.690+0000 INFO  [o.n.k.i.DiagnosticsManager]: Interface WAN Miniport (IPv6):
2015-06-29 05:01:47.690+0000 INFO  [o.n.k.i.DiagnosticsManager]: Interface WAN Miniport (Network Monitor):
2015-06-29 05:01:47.691+0000 INFO  [o.n.k.i.DiagnosticsManager]: Interface WAN Miniport (IP):
2015-06-29 05:01:47.691+0000 INFO  [o.n.k.i.DiagnosticsManager]: Interface RAS Async Adapter:
2015-06-29 05:01:47.691+0000 INFO  [o.n.k.i.DiagnosticsManager]: Interface WAN Miniport (IKEv2):
2015-06-29 05:01:47.691+0000 INFO  [o.n.k.i.DiagnosticsManager]: Interface Intel(R) 82579LM Gigabit Network Connection:
2015-06-29 05:01:47.692+0000 INFO  [o.n.k.i.DiagnosticsManager]:     address: fe80:0:0:0:58f1:4124:24a5:4971%11
2015-06-29 05:01:47.692+0000 INFO  [o.n.k.i.DiagnosticsManager]: Interface Microsoft ISATAP Adapter:
2015-06-29 05:01:47.692+0000 INFO  [o.n.k.i.DiagnosticsManager]: Interface Intel(R) Centrino(R) Ultimate-N 6300 AGN:
2015-06-29 05:01:47.692+0000 INFO  [o.n.k.i.DiagnosticsManager]:     address: 192.168.0.4
2015-06-29 05:01:47.692+0000 INFO  [o.n.k.i.DiagnosticsManager]:     address: fe80:0:0:0:c925:265f:48fb:6a36%13
2015-06-29 05:01:47.693+0000 INFO  [o.n.k.i.DiagnosticsManager]: Interface Bluetooth Device (Personal Area Network):
2015-06-29 05:01:47.693+0000 INFO  [o.n.k.i.DiagnosticsManager]: Interface Microsoft ISATAP Adapter #2:
2015-06-29 05:01:47.693+0000 INFO  [o.n.k.i.DiagnosticsManager]:     address: fe80:0:0:0:0:5efe:a9fe:c466%15
2015-06-29 05:01:47.693+0000 INFO  [o.n.k.i.DiagnosticsManager]: Interface Bluetooth Device (RFCOMM Protocol TDI):
2015-06-29 05:01:47.694+0000 INFO  [o.n.k.i.DiagnosticsManager]: Interface WAN Miniport (IP) - Juniper Network Agent Miniport:
2015-06-29 05:01:47.694+0000 INFO  [o.n.k.i.DiagnosticsManager]: Interface Intel(R) 82579LM Gigabit Network Connection - Juniper Network Agent Miniport:
2015-06-29 05:01:47.694+0000 INFO  [o.n.k.i.DiagnosticsManager]: Interface Intel(R) Centrino(R) Ultimate-N 6300 AGN - Juniper Network Agent Miniport:
2015-06-29 05:01:47.694+0000 INFO  [o.n.k.i.DiagnosticsManager]: Interface Juniper Network Connect Virtual Adapter:
2015-06-29 05:01:47.695+0000 INFO  [o.n.k.i.DiagnosticsManager]:     address: fe80:0:0:0:39f2:e4:daff:6306%20
2015-06-29 05:01:47.695+0000 INFO  [o.n.k.i.DiagnosticsManager]: Interface Juniper Network Connect Virtual Adapter - Juniper Network Agent Miniport:
2015-06-29 05:01:47.695+0000 INFO  [o.n.k.i.DiagnosticsManager]: Interface Bluetooth Personal Area Network:
2015-06-29 05:01:47.695+0000 INFO  [o.n.k.i.DiagnosticsManager]:     address: fe80:0:0:0:e597:e4e8:b181:f22c%22
2015-06-29 05:01:47.695+0000 INFO  [o.n.k.i.DiagnosticsManager]: Interface Teredo Tunneling Pseudo-Interface:
2015-06-29 05:01:47.696+0000 INFO  [o.n.k.i.DiagnosticsManager]: Interface Teredo Tunneling Pseudo-Interface:
2015-06-29 05:01:47.696+0000 INFO  [o.n.k.i.DiagnosticsManager]: Interface Teredo Tunneling Pseudo-Interface:
2015-06-29 05:01:47.696+0000 INFO  [o.n.k.i.DiagnosticsManager]: Interface Microsoft Virtual WiFi Miniport Adapter:
2015-06-29 05:01:47.696+0000 INFO  [o.n.k.i.DiagnosticsManager]:     address: fe80:0:0:0:b15c:d14d:e86d:a61c%26
2015-06-29 05:01:47.696+0000 INFO  [o.n.k.i.DiagnosticsManager]: Interface Microsoft Virtual WiFi Miniport Adapter - Juniper Network Agent Miniport:
2015-06-29 05:01:47.697+0000 INFO  [o.n.k.i.DiagnosticsManager]: Interface Teredo Tunneling Pseudo-Interface:
2015-06-29 05:01:47.697+0000 INFO  [o.n.k.i.DiagnosticsManager]: Interface Teredo Tunneling Pseudo-Interface:
2015-06-29 05:01:47.697+0000 INFO  [o.n.k.i.DiagnosticsManager]: Interface Microsoft ISATAP Adapter #8:
2015-06-29 05:01:47.697+0000 INFO  [o.n.k.i.DiagnosticsManager]: Interface Microsoft ISATAP Adapter #5:
2015-06-29 05:01:47.698+0000 INFO  [o.n.k.i.DiagnosticsManager]: Interface Teredo Tunneling Pseudo-Interface:
2015-06-29 05:01:47.698+0000 INFO  [o.n.k.i.DiagnosticsManager]:     address: fe80:0:0:0:e0:0:0:0%32
2015-06-29 05:01:47.698+0000 INFO  [o.n.k.i.DiagnosticsManager]: Interface Microsoft ISATAP Adapter #3:
2015-06-29 05:01:47.698+0000 INFO  [o.n.k.i.DiagnosticsManager]: Interface Microsoft ISATAP Adapter #6:
2015-06-29 05:01:47.698+0000 INFO  [o.n.k.i.DiagnosticsManager]: Interface VirtualBox Host-Only Ethernet Adapter:
2015-06-29 05:01:47.699+0000 INFO  [o.n.k.i.DiagnosticsManager]:     address: 169.254.196.102
2015-06-29 05:01:47.699+0000 INFO  [o.n.k.i.DiagnosticsManager]:     address: fe80:0:0:0:5115:d443:d52e:c466%35
2015-06-29 05:01:47.699+0000 INFO  [o.n.k.i.DiagnosticsManager]: Interface VirtualBox Host-Only Ethernet Adapter - Juniper Network Agent Miniport:
2015-06-29 05:01:47.699+0000 INFO  [o.n.k.i.DiagnosticsManager]: Interface Microsoft Virtual WiFi Miniport Adapter - VirtualBox Bridged Networking Driver Miniport:
2015-06-29 05:01:47.699+0000 INFO  [o.n.k.i.DiagnosticsManager]: Interface Intel(R) Centrino(R) Ultimate-N 6300 AGN - VirtualBox Bridged Networking Driver Miniport:
2015-06-29 05:01:47.700+0000 INFO  [o.n.k.i.DiagnosticsManager]: Interface Intel(R) 82579LM Gigabit Network Connection - VirtualBox Bridged Networking Driver Miniport:
2015-06-29 05:01:47.700+0000 INFO  [o.n.k.i.DiagnosticsManager]: Interface Microsoft ISATAP Adapter #4:
2015-06-29 05:01:47.700+0000 INFO  [o.n.k.i.DiagnosticsManager]: Interface Microsoft ISATAP Adapter #7:
2015-06-29 05:01:47.700+0000 INFO  [o.n.k.i.DiagnosticsManager]: Interface Microsoft ISATAP Adapter-McAfee NDIS Light-Weight Filter-0000:
2015-06-29 05:01:47.700+0000 INFO  [o.n.k.i.DiagnosticsManager]: Interface Microsoft ISATAP Adapter #2-McAfee NDIS Light-Weight Filter-0000:
2015-06-29 05:01:47.701+0000 INFO  [o.n.k.i.DiagnosticsManager]: Interface Microsoft ISATAP Adapter #3-McAfee NDIS Light-Weight Filter-0000:
2015-06-29 05:01:47.701+0000 INFO  [o.n.k.i.DiagnosticsManager]: Interface Microsoft ISATAP Adapter #4-McAfee NDIS Light-Weight Filter-0000:
2015-06-29 05:01:47.701+0000 INFO  [o.n.k.i.DiagnosticsManager]: Interface Microsoft ISATAP Adapter #5-McAfee NDIS Light-Weight Filter-0000:
2015-06-29 05:01:47.701+0000 INFO  [o.n.k.i.DiagnosticsManager]: Interface Microsoft ISATAP Adapter #6-McAfee NDIS Light-Weight Filter-0000:
2015-06-29 05:01:47.702+0000 INFO  [o.n.k.i.DiagnosticsManager]: Interface Microsoft ISATAP Adapter #7-McAfee NDIS Light-Weight Filter-0000:
2015-06-29 05:01:47.702+0000 INFO  [o.n.k.i.DiagnosticsManager]: Interface Microsoft ISATAP Adapter #8-McAfee NDIS Light-Weight Filter-0000:
2015-06-29 05:01:47.702+0000 INFO  [o.n.k.i.DiagnosticsManager]: Interface Teredo Tunneling Pseudo-Interface-McAfee NDIS Light-Weight Filter-0000:
2015-06-29 05:01:47.702+0000 INFO  [o.n.k.i.DiagnosticsManager]: Interface Intel(R) Centrino(R) Ultimate-N 6300 AGN-Virtual WiFi Filter Driver-0000:
2015-06-29 05:01:47.702+0000 INFO  [o.n.k.i.DiagnosticsManager]: Interface Intel(R) Centrino(R) Ultimate-N 6300 AGN - VirtualBox Bridged Networking Driver Miniport-McAfee NDIS Light-Weight Filter-0000:
2015-06-29 05:01:47.703+0000 INFO  [o.n.k.i.DiagnosticsManager]: Interface Intel(R) Centrino(R) Ultimate-N 6300 AGN - VirtualBox Bridged Networking Driver Miniport-WFP LightWeight Filter-0000:
2015-06-29 05:01:47.703+0000 INFO  [o.n.k.i.DiagnosticsManager]: Interface Intel(R) Centrino(R) Ultimate-N 6300 AGN - VirtualBox Bridged Networking Driver Miniport-QoS Packet Scheduler-0000:
2015-06-29 05:01:47.703+0000 INFO  [o.n.k.i.DiagnosticsManager]: Interface WAN Miniport (Network Monitor)-McAfee NDIS Light-Weight Filter-0000:
2015-06-29 05:01:47.703+0000 INFO  [o.n.k.i.DiagnosticsManager]: Interface WAN Miniport (Network Monitor)-QoS Packet Scheduler-0000:
2015-06-29 05:01:47.703+0000 INFO  [o.n.k.i.DiagnosticsManager]: Interface VirtualBox Host-Only Ethernet Adapter - Juniper Network Agent Miniport-McAfee NDIS Light-Weight Filter-0000:
2015-06-29 05:01:47.704+0000 INFO  [o.n.k.i.DiagnosticsManager]: Interface VirtualBox Host-Only Ethernet Adapter - Juniper Network Agent Miniport-WFP LightWeight Filter-0000:
2015-06-29 05:01:47.704+0000 INFO  [o.n.k.i.DiagnosticsManager]: Interface WAN Miniport (IPv6)-McAfee NDIS Light-Weight Filter-0000:
2015-06-29 05:01:47.704+0000 INFO  [o.n.k.i.DiagnosticsManager]: Interface WAN Miniport (IPv6)-QoS Packet Scheduler-0000:
2015-06-29 05:01:47.704+0000 INFO  [o.n.k.i.DiagnosticsManager]: Interface VirtualBox Host-Only Ethernet Adapter - Juniper Network Agent Miniport-QoS Packet Scheduler-0000:
2015-06-29 05:01:47.705+0000 INFO  [o.n.k.i.DiagnosticsManager]: Interface Juniper Network Connect Virtual Adapter - Juniper Network Agent Miniport-McAfee NDIS Light-Weight Filter-0000:
2015-06-29 05:01:47.705+0000 INFO  [o.n.k.i.DiagnosticsManager]: Interface Juniper Network Connect Virtual Adapter - Juniper Network Agent Miniport-WFP LightWeight Filter-0000:
2015-06-29 05:01:47.705+0000 INFO  [o.n.k.i.DiagnosticsManager]: Interface Juniper Network Connect Virtual Adapter - Juniper Network Agent Miniport-QoS Packet Scheduler-0000:
2015-06-29 05:01:47.705+0000 INFO  [o.n.k.i.DiagnosticsManager]: Interface Microsoft Virtual WiFi Miniport Adapter - VirtualBox Bridged Networking Driver Miniport-McAfee NDIS Light-Weight Filter-0000:
2015-06-29 05:01:47.705+0000 INFO  [o.n.k.i.DiagnosticsManager]: Interface Microsoft Virtual WiFi Miniport Adapter - VirtualBox Bridged Networking Driver Miniport-WFP LightWeight Filter-0000:
2015-06-29 05:01:47.706+0000 INFO  [o.n.k.i.DiagnosticsManager]: Interface Intel(R) Centrino(R) Ultimate-N 6300 AGN-Native WiFi Filter Driver-0000:
2015-06-29 05:01:47.706+0000 INFO  [o.n.k.i.DiagnosticsManager]: Interface Microsoft Virtual WiFi Miniport Adapter - VirtualBox Bridged Networking Driver Miniport-QoS Packet Scheduler-0000:
2015-06-29 05:01:47.706+0000 INFO  [o.n.k.i.DiagnosticsManager]: Interface WAN Miniport (IP) - Juniper Network Agent Miniport-McAfee NDIS Light-Weight Filter-0000:
2015-06-29 05:01:47.706+0000 INFO  [o.n.k.i.DiagnosticsManager]: Interface WAN Miniport (IP) - Juniper Network Agent Miniport-QoS Packet Scheduler-0000:
2015-06-29 05:01:47.706+0000 INFO  [o.n.k.i.DiagnosticsManager]: Interface Microsoft Virtual WiFi Miniport Adapter-Native WiFi Filter Driver-0000:
2015-06-29 05:01:47.707+0000 INFO  [o.n.k.i.DiagnosticsManager]: Interface Intel(R) 82579LM Gigabit Network Connection - VirtualBox Bridged Networking Driver Miniport-McAfee NDIS Light-Weight Filter-0000:
2015-06-29 05:01:47.707+0000 INFO  [o.n.k.i.DiagnosticsManager]: Interface Intel(R) 82579LM Gigabit Network Connection - VirtualBox Bridged Networking Driver Miniport-WFP LightWeight Filter-0000:
2015-06-29 05:01:47.707+0000 INFO  [o.n.k.i.DiagnosticsManager]: Interface Intel(R) 82579LM Gigabit Network Connection - VirtualBox Bridged Networking Driver Miniport-QoS Packet Scheduler-0000:
2015-06-29 05:01:47.707+0000 INFO  [o.n.k.i.DiagnosticsManager]: --- INITIALIZED diagnostics END ---
2015-06-29 05:01:49.377+0000 INFO  [o.n.k.NeoStoreDataSource]: Opened logical log [C:\RnD\Workspace\neo4j\neostore.transaction.db.1] version=1, lastTxId=1 (clean)
2015-06-29 05:01:49.454+0000 INFO  [o.n.k.KernelHealth]: Kernel health set to OK
2015-06-29 05:01:54.358+0000 INFO  [o.n.k.i.DiagnosticsManager]: --- STARTED diagnostics for KernelDiagnostics:Versions START ---
2015-06-29 05:01:54.358+0000 INFO  [o.n.k.i.DiagnosticsManager]: Graph Database: org.neo4j.kernel.EmbeddedGraphDatabase StoreId{creationTime=1435419912945, randomId=-4450654088130383675, storeVersion=14969031248344582, upgradeTime=1435419912945, upgradeId=1}
2015-06-29 05:01:54.359+0000 INFO  [o.n.k.i.DiagnosticsManager]: Kernel version: Neo4j Desktop (neo4j-desktop), version: 2.2.3
2015-06-29 05:01:54.359+0000 INFO  [o.n.k.i.DiagnosticsManager]: Neo4j component versions:
2015-06-29 05:01:54.361+0000 INFO  [o.n.k.i.DiagnosticsManager]:   Neo4j Desktop (neo4j-lucene-index), version: 2.2.3; revision: 2.2.3:2.2:48/2b261bd9bb532f283b2caed9b2d9eb4992e677b4-dirty
2015-06-29 05:01:54.362+0000 INFO  [o.n.k.i.DiagnosticsManager]:   Neo4j Desktop (neo4j-cypher-compiler-2.1), version: 2.2.3; revision: 2.1.8:2.1-maint:687/5c83ce3a5ddf33259593f719153ce71a6fe89fc7
2015-06-29 05:01:54.362+0000 INFO  [o.n.k.i.DiagnosticsManager]:   Neo4j Desktop (neo4j-import-tool), version: 2.2.3; revision: 2.2.3:2.2:48/2b261bd9bb532f283b2caed9b2d9eb4992e677b4-dirty
2015-06-29 05:01:54.362+0000 INFO  [o.n.k.i.DiagnosticsManager]:   Neo4j Desktop (neo4j-cypher-compiler-2.2), version: 2.2.3; revision: 2.2.3:2.2:48/2b261bd9bb532f283b2caed9b2d9eb4992e677b4-dirty
2015-06-29 05:01:54.362+0000 INFO  [o.n.k.i.DiagnosticsManager]:   Neo4j Desktop (neo4j-graph-algo), version: 2.2.3; revision: 2.2.3:2.2:48/2b261bd9bb532f283b2caed9b2d9eb4992e677b4-dirty
2015-06-29 05:01:54.362+0000 INFO  [o.n.k.i.DiagnosticsManager]:   Neo4j Desktop (neo4j-consistency-check), version: 2.2.3; revision: 2.2.3:2.2:48/2b261bd9bb532f283b2caed9b2d9eb4992e677b4-dirty
2015-06-29 05:01:54.363+0000 INFO  [o.n.k.i.DiagnosticsManager]:   Neo4j Desktop (neo4j-cypher-compiler-2.0), version: 2.2.3; revision: 2.0.4:2.0-maint:130/4a7d10bc274a5d26a180bbe9df25100e8a694748
2015-06-29 05:01:54.363+0000 INFO  [o.n.k.i.DiagnosticsManager]:   Neo4j Desktop (neo4j-cypher-compiler-1.9), version: 2.2.3; revision: 2.0.4:2.0-maint:130/4a7d10bc274a5d26a180bbe9df25100e8a694748
2015-06-29 05:01:54.363+0000 INFO  [o.n.k.i.DiagnosticsManager]:   Neo4j Desktop (neo4j-udc), version: 2.2.3; revision: 2.2.3:2.2:48/2b261bd9bb532f283b2caed9b2d9eb4992e677b4-dirty
2015-06-29 05:01:54.363+0000 INFO  [o.n.k.i.DiagnosticsManager]:   Neo4j Desktop (neo4j-jmx), version: 2.2.3; revision: 2.2.3:2.2:48/2b261bd9bb532f283b2caed9b2d9eb4992e677b4-dirty
2015-06-29 05:01:54.363+0000 INFO  [o.n.k.i.DiagnosticsManager]:   Neo4j Desktop (neo4j-graph-matching), version: 2.2.3; revision: 2.2.3:2.2:48/2b261bd9bb532f283b2caed9b2d9eb4992e677b4-dirty
2015-06-29 05:01:54.364+0000 INFO  [o.n.k.i.DiagnosticsManager]:   Neo4j Desktop (server-api), version: 2.2.3; revision: 2.2.3:2.2:48/2b261bd9bb532f283b2caed9b2d9eb4992e677b4-dirty
2015-06-29 05:01:54.364+0000 INFO  [o.n.k.i.DiagnosticsManager]:   Neo4j Desktop (neo4j-desktop), version: 2.2.3; revision: 2.2.3:2.2:48/2b261bd9bb532f283b2caed9b2d9eb4992e677b4-dirty
2015-06-29 05:01:54.364+0000 INFO  [o.n.k.i.DiagnosticsManager]:   Neo4j Desktop (neo4j-cypher), version: 2.2.3; revision: 2.2.3:2.2:48/2b261bd9bb532f283b2caed9b2d9eb4992e677b4-dirty
2015-06-29 05:01:54.364+0000 INFO  [o.n.k.i.DiagnosticsManager]:   Neo4j Desktop (neo4j-server), version: 2.2.3; revision: 2.2.3:2.2:48/2b261bd9bb532f283b2caed9b2d9eb4992e677b4-dirty
2015-06-29 05:01:54.364+0000 INFO  [o.n.k.i.DiagnosticsManager]:   Neo4j Desktop (neo4j-shell), version: 2.2.3; revision: 2.2.3:2.2:48/2b261bd9bb532f283b2caed9b2d9eb4992e677b4-dirty
2015-06-29 05:01:54.364+0000 INFO  [o.n.k.i.DiagnosticsManager]: --- STARTED diagnostics for KernelDiagnostics:Versions END ---
2015-06-29 05:01:54.367+0000 INFO  [o.n.k.i.DiagnosticsManager]: --- STARTED diagnostics for NEO_STORE_VERSIONS START ---
2015-06-29 05:01:54.368+0000 INFO  [o.n.k.i.DiagnosticsManager]: Store versions:
2015-06-29 05:01:54.368+0000 INFO  [o.n.k.i.DiagnosticsManager]: Store versions:
2015-06-29 05:01:54.369+0000 INFO  [o.n.k.i.DiagnosticsManager]:   NeoStore v0.A.5
2015-06-29 05:01:54.369+0000 INFO  [o.n.k.i.DiagnosticsManager]:   SchemaStore v0.A.5
2015-06-29 05:01:54.369+0000 INFO  [o.n.k.i.DiagnosticsManager]:   NodeStore v0.A.5
2015-06-29 05:01:54.369+0000 INFO  [o.n.k.i.DiagnosticsManager]:   RelationshipStore v0.A.5
2015-06-29 05:01:54.369+0000 INFO  [o.n.k.i.DiagnosticsManager]:   RelationshipTypeStore v0.A.5
2015-06-29 05:01:54.370+0000 INFO  [o.n.k.i.DiagnosticsManager]:   LabelTokenStore v0.A.5
2015-06-29 05:01:54.370+0000 INFO  [o.n.k.i.DiagnosticsManager]:   PropertyStore v0.A.5
2015-06-29 05:01:54.370+0000 INFO  [o.n.k.i.DiagnosticsManager]:   PropertyIndexStore v0.A.5
2015-06-29 05:01:54.370+0000 INFO  [o.n.k.i.DiagnosticsManager]:   StringPropertyStore v0.A.5
2015-06-29 05:01:54.370+0000 INFO  [o.n.k.i.DiagnosticsManager]:   ArrayPropertyStore v0.A.5
2015-06-29 05:01:54.370+0000 INFO  [o.n.k.i.DiagnosticsManager]:   RelationshipGroupStore v0.A.5
2015-06-29 05:01:54.371+0000 INFO  [o.n.k.i.DiagnosticsManager]: --- STARTED diagnostics for NEO_STORE_VERSIONS END ---
2015-06-29 05:01:54.371+0000 INFO  [o.n.k.i.DiagnosticsManager]: --- STARTED diagnostics for NEO_STORE_ID_USAGE START ---
2015-06-29 05:01:54.371+0000 INFO  [o.n.k.i.DiagnosticsManager]: Id usage:
2015-06-29 05:01:54.371+0000 INFO  [o.n.k.i.DiagnosticsManager]: Id usage:
2015-06-29 05:01:54.371+0000 INFO  [o.n.k.i.DiagnosticsManager]:   SchemaStore: used=1 high=0
2015-06-29 05:01:54.372+0000 INFO  [o.n.k.i.DiagnosticsManager]:   NodeStore: used=0 high=-1
2015-06-29 05:01:54.372+0000 INFO  [o.n.k.i.DiagnosticsManager]:   RelationshipStore: used=0 high=-1
2015-06-29 05:01:54.372+0000 INFO  [o.n.k.i.DiagnosticsManager]:   RelationshipTypeStore: used=0 high=-1
2015-06-29 05:01:54.373+0000 INFO  [o.n.k.i.DiagnosticsManager]:   LabelTokenStore: used=0 high=-1
2015-06-29 05:01:54.373+0000 INFO  [o.n.k.i.DiagnosticsManager]:   PropertyStore: used=0 high=-1
2015-06-29 05:01:54.373+0000 INFO  [o.n.k.i.DiagnosticsManager]:   PropertyIndexStore: used=0 high=-1
2015-06-29 05:01:54.374+0000 INFO  [o.n.k.i.DiagnosticsManager]:   StringPropertyStore: used=1 high=0
2015-06-29 05:01:54.374+0000 INFO  [o.n.k.i.DiagnosticsManager]:   ArrayPropertyStore: used=1 high=0
2015-06-29 05:01:54.374+0000 INFO  [o.n.k.i.DiagnosticsManager]:   RelationshipGroupStore: used=1 high=0
2015-06-29 05:01:54.374+0000 INFO  [o.n.k.i.DiagnosticsManager]: --- STARTED diagnostics for NEO_STORE_ID_USAGE END ---
2015-06-29 05:01:54.375+0000 INFO  [o.n.k.i.DiagnosticsManager]: --- STARTED diagnostics for KernelDiagnostics:StoreFiles START ---
2015-06-29 05:01:54.379+0000 INFO  [o.n.k.i.DiagnosticsManager]: Disk space on partition (Total / Free / Free %): 500105736192 / 327581151232 / 65
Storage files: (filename : modification date - size)
2015-06-29 05:01:54.382+0000 INFO  [o.n.k.i.DiagnosticsManager]:   dbms:
2015-06-29 05:01:54.384+0000 INFO  [o.n.k.i.DiagnosticsManager]:     auth: 2015-06-27T08:45:59-0700 - 113.00 B
2015-06-29 05:01:54.384+0000 INFO  [o.n.k.i.DiagnosticsManager]:   - Total: 2015-06-27T08:45:59-0700 - 113.00 B
2015-06-29 05:01:54.385+0000 INFO  [o.n.k.i.DiagnosticsManager]:   index:
2015-06-29 05:01:54.386+0000 INFO  [o.n.k.i.DiagnosticsManager]:   - Total: 2015-06-27T08:45:12-0700 - 0.00 B
2015-06-29 05:01:54.386+0000 INFO  [o.n.k.i.DiagnosticsManager]:   lock: 2015-06-28T22:01:48-0700 - 0.00 B
2015-06-29 05:01:54.387+0000 INFO  [o.n.k.i.DiagnosticsManager]:   messages.log: 2015-06-28T22:01:47-0700 - 75.24 kB
2015-06-29 05:01:54.388+0000 INFO  [o.n.k.i.DiagnosticsManager]:   neo4j.properties: 2015-06-27T08:45:09-0700 - 1.76 kB
2015-06-29 05:01:54.389+0000 INFO  [o.n.k.i.DiagnosticsManager]:   neostore: 2015-06-28T22:01:48-0700 - 99.00 B
2015-06-29 05:01:54.390+0000 INFO  [o.n.k.i.DiagnosticsManager]:   neostore.counts.db.a: 2015-06-27T08:45:16-0700 - 114.00 B
2015-06-29 05:01:54.390+0000 INFO  [o.n.k.i.DiagnosticsManager]:   neostore.id: 2015-06-27T08:47:15-0700 - 9.00 B
2015-06-29 05:01:54.391+0000 INFO  [o.n.k.i.DiagnosticsManager]:   neostore.labeltokenstore.db: 2015-06-28T22:01:48-0700 - 0.00 B
2015-06-29 05:01:54.392+0000 INFO  [o.n.k.i.DiagnosticsManager]:   neostore.labeltokenstore.db.id: 2015-06-27T08:47:14-0700 - 9.00 B
2015-06-29 05:01:54.393+0000 INFO  [o.n.k.i.DiagnosticsManager]:   neostore.labeltokenstore.db.names: 2015-06-28T22:01:48-0700 - 38.00 B
2015-06-29 05:01:54.394+0000 INFO  [o.n.k.i.DiagnosticsManager]:   neostore.labeltokenstore.db.names.id: 2015-06-27T08:47:14-0700 - 9.00 B
2015-06-29 05:01:54.394+0000 INFO  [o.n.k.i.DiagnosticsManager]:   neostore.nodestore.db: 2015-06-28T22:01:48-0700 - 0.00 B
2015-06-29 05:01:54.395+0000 INFO  [o.n.k.i.DiagnosticsManager]:   neostore.nodestore.db.id: 2015-06-27T08:47:15-0700 - 9.00 B
2015-06-29 05:01:54.396+0000 INFO  [o.n.k.i.DiagnosticsManager]:   neostore.nodestore.db.labels: 2015-06-28T22:01:48-0700 - 68.00 B
2015-06-29 05:01:54.397+0000 INFO  [o.n.k.i.DiagnosticsManager]:   neostore.nodestore.db.labels.id: 2015-06-27T08:47:15-0700 - 9.00 B
2015-06-29 05:01:54.397+0000 INFO  [o.n.k.i.DiagnosticsManager]:   neostore.propertystore.db: 2015-06-28T22:01:48-0700 - 0.00 B
2015-06-29 05:01:54.398+0000 INFO  [o.n.k.i.DiagnosticsManager]:   neostore.propertystore.db.arrays: 2015-06-28T22:01:48-0700 - 128.00 B
2015-06-29 05:01:54.399+0000 INFO  [o.n.k.i.DiagnosticsManager]:   neostore.propertystore.db.arrays.id: 2015-06-27T08:47:15-0700 - 9.00 B
2015-06-29 05:01:54.400+0000 INFO  [o.n.k.i.DiagnosticsManager]:   neostore.propertystore.db.id: 2015-06-27T08:47:15-0700 - 9.00 B
2015-06-29 05:01:54.400+0000 INFO  [o.n.k.i.DiagnosticsManager]:   neostore.propertystore.db.index: 2015-06-28T22:01:48-0700 - 0.00 B
2015-06-29 05:01:54.401+0000 INFO  [o.n.k.i.DiagnosticsManager]:   neostore.propertystore.db.index.id: 2015-06-27T08:47:15-0700 - 9.00 B
2015-06-29 05:01:54.402+0000 INFO  [o.n.k.i.DiagnosticsManager]:   neostore.propertystore.db.index.keys: 2015-06-28T22:01:48-0700 - 38.00 B
2015-06-29 05:01:54.403+0000 INFO  [o.n.k.i.DiagnosticsManager]:   neostore.propertystore.db.index.keys.id: 2015-06-27T08:47:14-0700 - 9.00 B
2015-06-29 05:01:54.403+0000 INFO  [o.n.k.i.DiagnosticsManager]:   neostore.propertystore.db.strings: 2015-06-28T22:01:48-0700 - 128.00 B
2015-06-29 05:01:54.404+0000 INFO  [o.n.k.i.DiagnosticsManager]:   neostore.propertystore.db.strings.id: 2015-06-27T08:47:14-0700 - 9.00 B
2015-06-29 05:01:54.405+0000 INFO  [o.n.k.i.DiagnosticsManager]:   neostore.relationshipgroupstore.db: 2015-06-28T22:01:48-0700 - 25.00 B
2015-06-29 05:01:54.406+0000 INFO  [o.n.k.i.DiagnosticsManager]:   neostore.relationshipgroupstore.db.id: 2015-06-27T08:47:15-0700 - 9.00 B
2015-06-29 05:01:54.406+0000 INFO  [o.n.k.i.DiagnosticsManager]:   neostore.relationshipstore.db: 2015-06-28T22:01:48-0700 - 0.00 B
2015-06-29 05:01:54.407+0000 INFO  [o.n.k.i.DiagnosticsManager]:   neostore.relationshipstore.db.id: 2015-06-27T08:47:15-0700 - 9.00 B
2015-06-29 05:01:54.408+0000 INFO  [o.n.k.i.DiagnosticsManager]:   neostore.relationshiptypestore.db: 2015-06-28T22:01:48-0700 - 0.00 B
2015-06-29 05:01:54.409+0000 INFO  [o.n.k.i.DiagnosticsManager]:   neostore.relationshiptypestore.db.id: 2015-06-27T08:47:14-0700 - 9.00 B
2015-06-29 05:01:54.409+0000 INFO  [o.n.k.i.DiagnosticsManager]:   neostore.relationshiptypestore.db.names: 2015-06-28T22:01:48-0700 - 38.00 B
2015-06-29 05:01:54.410+0000 INFO  [o.n.k.i.DiagnosticsManager]:   neostore.relationshiptypestore.db.names.id: 2015-06-27T08:47:14-0700 - 9.00 B
2015-06-29 05:01:54.411+0000 INFO  [o.n.k.i.DiagnosticsManager]:   neostore.schemastore.db: 2015-06-28T22:01:48-0700 - 64.00 B
2015-06-29 05:01:54.412+0000 INFO  [o.n.k.i.DiagnosticsManager]:   neostore.schemastore.db.id: 2015-06-27T08:47:15-0700 - 9.00 B
2015-06-29 05:01:54.413+0000 INFO  [o.n.k.i.DiagnosticsManager]:   neostore.transaction.db.0: 2015-06-27T08:45:16-0700 - 16.00 B
2015-06-29 05:01:54.413+0000 INFO  [o.n.k.i.DiagnosticsManager]:   neostore.transaction.db.1: 2015-06-28T22:01:49-0700 - 16.00 B
2015-06-29 05:01:54.414+0000 INFO  [o.n.k.i.DiagnosticsManager]:   rrd: 2015-06-27T08:45:19-0700 - 1.93 MB
2015-06-29 05:01:54.415+0000 INFO  [o.n.k.i.DiagnosticsManager]:   schema:
2015-06-29 05:01:54.416+0000 INFO  [o.n.k.i.DiagnosticsManager]:     label:
2015-06-29 05:01:54.417+0000 INFO  [o.n.k.i.DiagnosticsManager]:       lucene:
2015-06-29 05:01:54.418+0000 INFO  [o.n.k.i.DiagnosticsManager]:         segments.gen: 2015-06-27T08:47:14-0700 - 20.00 B
2015-06-29 05:01:54.419+0000 INFO  [o.n.k.i.DiagnosticsManager]:         segments_1: 2015-06-27T08:47:14-0700 - 32.00 B
2015-06-29 05:01:54.419+0000 INFO  [o.n.k.i.DiagnosticsManager]:         write.lock: 2015-06-28T22:01:49-0700 - 0.00 B
2015-06-29 05:01:54.420+0000 INFO  [o.n.k.i.DiagnosticsManager]:       - Total: 2015-06-28T22:01:49-0700 - 52.00 B
2015-06-29 05:01:54.421+0000 INFO  [o.n.k.i.DiagnosticsManager]:     - Total: 2015-06-27T08:45:16-0700 - 52.00 B
2015-06-29 05:01:54.421+0000 INFO  [o.n.k.i.DiagnosticsManager]:   - Total: 2015-06-27T08:45:16-0700 - 52.00 B
2015-06-29 05:01:54.422+0000 INFO  [o.n.k.i.DiagnosticsManager]:   store_lock: 2015-06-27T08:45:12-0700 - 0.00 B
2015-06-29 05:01:54.422+0000 INFO  [o.n.k.i.DiagnosticsManager]: --- STARTED diagnostics for KernelDiagnostics:StoreFiles END ---
2015-06-29 05:01:54.598+0000 INFO  [o.n.k.EmbeddedGraphDatabase]: Database is now ready
2015-06-29 05:01:54.598+0000 INFO  [o.n.s.d.LifecycleManagingDatabase]: Successfully started database
2015-06-29 05:01:54.622+0000 INFO  [o.n.k.i.DiagnosticsManager]: --- SERVER STARTED START ---
2015-06-29 05:01:55.016+0000 INFO  [o.n.s.CommunityNeoServer]: Starting HTTP on port :7474 with 8 threads available
2015-06-29 05:01:55.885+0000 INFO  [o.n.s.w.Jetty9WebServer]: Mounting static content at [/webadmin] from [webadmin-html]
2015-06-29 05:01:56.080+0000 INFO  [o.n.s.w.Jetty9WebServer]: Mounting static content at [/browser] from [browser]
2015-06-29 05:01:59.452+0000 INFO  [o.n.s.CommunityNeoServer]: Server started on: http://localhost:7474/
2015-06-29 05:01:59.452+0000 INFO  [o.n.s.CommunityNeoServer]: Remote interface ready and available at [http://localhost:7474/]
2015-06-29 05:01:59.452+0000 INFO  [o.n.k.i.DiagnosticsManager]: --- SERVER STARTED END ---
2015-06-29 05:09:46.889+0000 WARN  [o.n.k.EmbeddedGraphDatabase]: GC Monitor: Application threads blocked for 202ms.
2015-06-29 05:26:12.658+0000 INFO  [o.n.s.CommunityNeoServer]: Successfully shutdown Neo4j Server.
2015-06-29 05:26:12.660+0000 INFO  [o.n.k.EmbeddedGraphDatabase]: Shutdown started
2015-06-29 05:26:12.661+0000 INFO  [o.n.k.EmbeddedGraphDatabase]: Database is now unavailable
2015-06-29 05:26:12.747+0000 INFO  [o.n.k.i.s.StoreFactory]: About to rotate counts store at transaction 13 to [C:\RnD\Workspace\neo4j\neostore.counts.db.b], from [C:\RnD\Workspace\neo4j\neostore.counts.db.a].
2015-06-29 05:26:12.762+0000 INFO  [o.n.k.i.s.StoreFactory]: Successfully rotated counts store at transaction 13 to [C:\RnD\Workspace\neo4j\neostore.counts.db.b], from [C:\RnD\Workspace\neo4j\neostore.counts.db.a].
2015-06-29 05:26:14.583+0000 INFO  [o.n.k.NeoStoreDataSource]: NeoStore closed
2015-06-29 05:26:14.584+0000 INFO  [o.n.k.i.DiagnosticsManager]: --- STOPPING diagnostics START ---
2015-06-29 05:26:14.584+0000 INFO  [o.n.k.i.DiagnosticsManager]: --- STOPPING diagnostics END ---
2015-06-29 05:26:14.591+0000 INFO  [o.n.s.d.LifecycleManagingDatabase]: Successfully stopped database
2015-06-29 05:26:14.592+0000 INFO  [o.n.s.CommunityNeoServer]: Successfully shutdown database.
